[ 2016-04-10T22:24:20+08:00 ] 127.0.0.1 /thinkphp/admin/video/addVideo
INFO: [ app_init ] --START--
INFO: Run Behavior\BuildLiteBehavior [ RunTime:0.000017s ]
INFO: [ app_init ] --END-- [ RunTime:0.000421s ]
INFO: [ app_begin ] --START--
INFO: Run Behavior\ReadHtmlCacheBehavior [ RunTime:0.000574s ]
INFO: [ app_begin ] --END-- [ RunTime:0.000635s ]
SQL: SHOW COLUMNS FROM `think_class` [ RunTime:0.0007s ]
SQL: SELECT `class_name` FROM `think_class`  [ RunTime:0.0003s ]
SQL: SHOW COLUMNS FROM `think_tag` [ RunTime:0.0006s ]
SQL: SELECT `tag_name` FROM `think_tag`  [ RunTime:0.0003s ]
SQL: SHOW COLUMNS FROM `think_area` [ RunTime:0.0005s ]
SQL: SELECT `area_name` FROM `think_area`  [ RunTime:0.0002s ]
SQL: SHOW COLUMNS FROM `think_language` [ RunTime:0.0005s ]
SQL: SELECT `language_name` FROM `think_language`  [ RunTime:0.0002s ]
NOTIC: [2] Missing argument 1 for Think\Controller::show(), called in E:\Environment\Apache24\htdocs\thinkphp\Application\Admin\Controller\VideoController.class.php on line 73 and defined E:\Environment\Apache24\htdocs\thinkphp\ThinkPHP\Library\Think\Controller.class.php 第 73 行.
NOTIC: [8] Undefined variable: content E:\Environment\Apache24\htdocs\thinkphp\ThinkPHP\Library\Think\Controller.class.php 第 75 行.
INFO: [ view_parse ] --START--
INFO: [ template_filter ] --START--
INFO: Run Behavior\ContentReplaceBehavior [ RunTime:0.000087s ]
INFO: [ template_filter ] --END-- [ RunTime:0.000159s ]
INFO: Run Behavior\ParseTemplateBehavior [ RunTime:0.011867s ]
INFO: [ view_parse ] --END-- [ RunTime:0.011957s ]
INFO: [ view_filter ] --START--
INFO: Run Behavior\WriteHtmlCacheBehavior [ RunTime:0.000284s ]
INFO: Run Behavior\TokenBuildBehavior [ RunTime:0.000388s ]
INFO: [ view_filter ] --END-- [ RunTime:0.000748s ]
INFO: [ app_end ] --START--
INFO: Run Behavior\ShowPageTraceBehavior [ RunTime:0.000678s ]
INFO: [ app_end ] --END-- [ RunTime:0.000724s ]

[ 2016-04-10T22:24:22+08:00 ] 127.0.0.1 /thinkphp/admin/index/index
INFO: [ app_init ] --START--
INFO: Run Behavior\BuildLiteBehavior [ RunTime:0.000015s ]
INFO: [ app_init ] --END-- [ RunTime:0.000408s ]
INFO: [ app_begin ] --START--
INFO: Run Behavior\ReadHtmlCacheBehavior [ RunTime:0.000504s ]
INFO: [ app_begin ] --END-- [ RunTime:0.000555s ]
NOTIC: [2] Missing argument 1 for Think\Controller::show(), called in E:\Environment\Apache24\htdocs\thinkphp\Application\Admin\Controller\IndexController.class.php on line 13 and defined E:\Environment\Apache24\htdocs\thinkphp\ThinkPHP\Library\Think\Controller.class.php 第 73 行.
NOTIC: [8] Undefined variable: content E:\Environment\Apache24\htdocs\thinkphp\ThinkPHP\Library\Think\Controller.class.php 第 75 行.
INFO: [ view_parse ] --START--
INFO: [ template_filter ] --START--
INFO: Run Behavior\ContentReplaceBehavior [ RunTime:0.000050s ]
INFO: [ template_filter ] --END-- [ RunTime:0.000106s ]
INFO: Run Behavior\ParseTemplateBehavior [ RunTime:0.009904s ]
INFO: [ view_parse ] --END-- [ RunTime:0.009977s ]
INFO: [ view_filter ] --START--
INFO: Run Behavior\WriteHtmlCacheBehavior [ RunTime:0.000451s ]
INFO: Run Behavior\TokenBuildBehavior [ RunTime:0.000527s ]
INFO: [ view_filter ] --END-- [ RunTime:0.001066s ]
INFO: [ app_end ] --START--
INFO: Run Behavior\ShowPageTraceBehavior [ RunTime:0.000797s ]
INFO: [ app_end ] --END-- [ RunTime:0.000852s ]

[ 2016-04-10T22:24:23+08:00 ] 127.0.0.1 /thinkphp/admin/video/showVideo
INFO: [ app_init ] --START--
INFO: Run Behavior\BuildLiteBehavior [ RunTime:0.000014s ]
INFO: [ app_init ] --END-- [ RunTime:0.000334s ]
INFO: [ app_begin ] --START--
INFO: Run Behavior\ReadHtmlCacheBehavior [ RunTime:0.000413s ]
INFO: [ app_begin ] --END-- [ RunTime:0.000460s ]
SQL: SHOW COLUMNS FROM `think_video` [ RunTime:0.0010s ]
SQL: SELECT * FROM `think_video` LIMIT 0,5   [ RunTime:0.0004s ]
SQL: SELECT COUNT(*) AS tp_count FROM `think_video` LIMIT 1   [ RunTime:0.0002s ]
NOTIC: [2] Missing argument 1 for Think\Controller::show(), called in E:\Environment\Apache24\htdocs\thinkphp\Application\Admin\Controller\VideoController.class.php on line 105 and defined E:\Environment\Apache24\htdocs\thinkphp\ThinkPHP\Library\Think\Controller.class.php 第 73 行.
NOTIC: [8] Undefined variable: content E:\Environment\Apache24\htdocs\thinkphp\ThinkPHP\Library\Think\Controller.class.php 第 75 行.
INFO: [ view_parse ] --START--
INFO: [ template_filter ] --START--
INFO: Run Behavior\ContentReplaceBehavior [ RunTime:0.000054s ]
INFO: [ template_filter ] --END-- [ RunTime:0.000107s ]
INFO: Run Behavior\ParseTemplateBehavior [ RunTime:0.007963s ]
INFO: [ view_parse ] --END-- [ RunTime:0.008033s ]
INFO: [ view_filter ] --START--
INFO: Run Behavior\WriteHtmlCacheBehavior [ RunTime:0.000318s ]
INFO: Run Behavior\TokenBuildBehavior [ RunTime:0.000373s ]
INFO: [ view_filter ] --END-- [ RunTime:0.000756s ]
INFO: [ app_end ] --START--
INFO: Run Behavior\ShowPageTraceBehavior [ RunTime:0.000529s ]
INFO: [ app_end ] --END-- [ RunTime:0.000568s ]

[ 2016-04-10T22:25:02+08:00 ] 127.0.0.1 /thinkphp/index.php/Admin/Video/showVideo/p/2.html
INFO: [ app_init ] --START--
INFO: Run Behavior\BuildLiteBehavior [ RunTime:0.000025s ]
INFO: [ app_init ] --END-- [ RunTime:0.000335s ]
INFO: [ app_begin ] --START--
INFO: Run Behavior\ReadHtmlCacheBehavior [ RunTime:0.000737s ]
INFO: [ app_begin ] --END-- [ RunTime:0.000799s ]
SQL: SHOW COLUMNS FROM `think_video` [ RunTime:0.0008s ]
SQL: SELECT * FROM `think_video` LIMIT 5,5   [ RunTime:0.0003s ]
SQL: SELECT COUNT(*) AS tp_count FROM `think_video` LIMIT 1   [ RunTime:0.0002s ]
NOTIC: [2] Missing argument 1 for Think\Controller::show(), called in E:\Environment\Apache24\htdocs\thinkphp\Application\Admin\Controller\VideoController.class.php on line 105 and defined E:\Environment\Apache24\htdocs\thinkphp\ThinkPHP\Library\Think\Controller.class.php 第 73 行.
NOTIC: [8] Undefined variable: content E:\Environment\Apache24\htdocs\thinkphp\ThinkPHP\Library\Think\Controller.class.php 第 75 行.
INFO: [ view_parse ] --START--
INFO: [ template_filter ] --START--
INFO: Run Behavior\ContentReplaceBehavior [ RunTime:0.000049s ]
INFO: [ template_filter ] --END-- [ RunTime:0.000095s ]
INFO: Run Behavior\ParseTemplateBehavior [ RunTime:0.006637s ]
INFO: [ view_parse ] --END-- [ RunTime:0.006689s ]
INFO: [ view_filter ] --START--
INFO: Run Behavior\WriteHtmlCacheBehavior [ RunTime:0.000327s ]
INFO: Run Behavior\TokenBuildBehavior [ RunTime:0.000355s ]
INFO: [ view_filter ] --END-- [ RunTime:0.000745s ]
INFO: [ app_end ] --START--
INFO: Run Behavior\ShowPageTraceBehavior [ RunTime:0.000561s ]
INFO: [ app_end ] --END-- [ RunTime:0.000598s ]

[ 2016-04-10T22:25:04+08:00 ] 127.0.0.1 /thinkphp/index.php/Admin/Video/showVideo/p/3.html
INFO: [ app_init ] --START--
INFO: Run Behavior\BuildLiteBehavior [ RunTime:0.000014s ]
INFO: [ app_init ] --END-- [ RunTime:0.000323s ]
INFO: [ app_begin ] --START--
INFO: Run Behavior\ReadHtmlCacheBehavior [ RunTime:0.000405s ]
INFO: [ app_begin ] --END-- [ RunTime:0.000455s ]
SQL: SHOW COLUMNS FROM `think_video` [ RunTime:0.0009s ]
SQL: SELECT * FROM `think_video` LIMIT 10,5   [ RunTime:0.0006s ]
SQL: SELECT COUNT(*) AS tp_count FROM `think_video` LIMIT 1   [ RunTime:0.0003s ]
NOTIC: [2] Missing argument 1 for Think\Controller::show(), called in E:\Environment\Apache24\htdocs\thinkphp\Application\Admin\Controller\VideoController.class.php on line 105 and defined E:\Environment\Apache24\htdocs\thinkphp\ThinkPHP\Library\Think\Controller.class.php 第 73 行.
NOTIC: [8] Undefined variable: content E:\Environment\Apache24\htdocs\thinkphp\ThinkPHP\Library\Think\Controller.class.php 第 75 行.
INFO: [ view_parse ] --START--
INFO: [ template_filter ] --START--
INFO: Run Behavior\ContentReplaceBehavior [ RunTime:0.000086s ]
INFO: [ template_filter ] --END-- [ RunTime:0.000171s ]
INFO: Run Behavior\ParseTemplateBehavior [ RunTime:0.008989s ]
INFO: [ view_parse ] --END-- [ RunTime:0.009061s ]
INFO: [ view_filter ] --START--
INFO: Run Behavior\WriteHtmlCacheBehavior [ RunTime:0.000421s ]
INFO: Run Behavior\TokenBuildBehavior [ RunTime:0.000551s ]
INFO: [ view_filter ] --END-- [ RunTime:0.001061s ]
INFO: [ app_end ] --START--
INFO: Run Behavior\ShowPageTraceBehavior [ RunTime:0.000850s ]
INFO: [ app_end ] --END-- [ RunTime:0.000906s ]

[ 2016-04-10T22:25:04+08:00 ] 127.0.0.1 /thinkphp/index.php/Admin/Video/showVideo/p/1.html
INFO: [ app_init ] --START--
INFO: Run Behavior\BuildLiteBehavior [ RunTime:0.000013s ]
INFO: [ app_init ] --END-- [ RunTime:0.000289s ]
INFO: [ app_begin ] --START--
INFO: Run Behavior\ReadHtmlCacheBehavior [ RunTime:0.000359s ]
INFO: [ app_begin ] --END-- [ RunTime:0.000400s ]
SQL: SHOW COLUMNS FROM `think_video` [ RunTime:0.0008s ]
SQL: SELECT * FROM `think_video` LIMIT 0,5   [ RunTime:0.0003s ]
SQL: SELECT COUNT(*) AS tp_count FROM `think_video` LIMIT 1   [ RunTime:0.0002s ]
NOTIC: [2] Missing argument 1 for Think\Controller::show(), called in E:\Environment\Apache24\htdocs\thinkphp\Application\Admin\Controller\VideoController.class.php on line 105 and defined E:\Environment\Apache24\htdocs\thinkphp\ThinkPHP\Library\Think\Controller.class.php 第 73 行.
NOTIC: [8] Undefined variable: content E:\Environment\Apache24\htdocs\thinkphp\ThinkPHP\Library\Think\Controller.class.php 第 75 行.
INFO: [ view_parse ] --START--
INFO: [ template_filter ] --START--
INFO: Run Behavior\ContentReplaceBehavior [ RunTime:0.000046s ]
INFO: [ template_filter ] --END-- [ RunTime:0.000094s ]
INFO: Run Behavior\ParseTemplateBehavior [ RunTime:0.007419s ]
INFO: [ view_parse ] --END-- [ RunTime:0.007481s ]
INFO: [ view_filter ] --START--
INFO: Run Behavior\WriteHtmlCacheBehavior [ RunTime:0.000284s ]
INFO: Run Behavior\TokenBuildBehavior [ RunTime:0.000357s ]
INFO: [ view_filter ] --END-- [ RunTime:0.000697s ]
INFO: [ app_end ] --START--
INFO: Run Behavior\ShowPageTraceBehavior [ RunTime:0.000500s ]
INFO: [ app_end ] --END-- [ RunTime:0.000537s ]

[ 2016-04-10T22:25:05+08:00 ] 127.0.0.1 /thinkphp/index.php/Admin/Video/showVideo/p/3.html
INFO: [ app_init ] --START--
INFO: Run Behavior\BuildLiteBehavior [ RunTime:0.000049s ]
INFO: [ app_init ] --END-- [ RunTime:0.000976s ]
INFO: [ app_begin ] --START--
INFO: Run Behavior\ReadHtmlCacheBehavior [ RunTime:0.000425s ]
INFO: [ app_begin ] --END-- [ RunTime:0.000468s ]
SQL: SHOW COLUMNS FROM `think_video` [ RunTime:0.0007s ]
SQL: SELECT * FROM `think_video` LIMIT 10,5   [ RunTime:0.0004s ]
SQL: SELECT COUNT(*) AS tp_count FROM `think_video` LIMIT 1   [ RunTime:0.0002s ]
NOTIC: [2] Missing argument 1 for Think\Controller::show(), called in E:\Environment\Apache24\htdocs\thinkphp\Application\Admin\Controller\VideoController.class.php on line 105 and defined E:\Environment\Apache24\htdocs\thinkphp\ThinkPHP\Library\Think\Controller.class.php 第 73 行.
NOTIC: [8] Undefined variable: content E:\Environment\Apache24\htdocs\thinkphp\ThinkPHP\Library\Think\Controller.class.php 第 75 行.
INFO: [ view_parse ] --START--
INFO: [ template_filter ] --START--
INFO: Run Behavior\ContentReplaceBehavior [ RunTime:0.000062s ]
INFO: [ template_filter ] --END-- [ RunTime:0.000130s ]
INFO: Run Behavior\ParseTemplateBehavior [ RunTime:0.008317s ]
INFO: [ view_parse ] --END-- [ RunTime:0.008410s ]
INFO: [ view_filter ] --START--
INFO: Run Behavior\WriteHtmlCacheBehavior [ RunTime:0.000469s ]
INFO: Run Behavior\TokenBuildBehavior [ RunTime:0.000491s ]
INFO: [ view_filter ] --END-- [ RunTime:0.001062s ]
INFO: [ app_end ] --START--
INFO: Run Behavior\ShowPageTraceBehavior [ RunTime:0.000486s ]
INFO: [ app_end ] --END-- [ RunTime:0.000523s ]

[ 2016-04-10T22:25:06+08:00 ] 127.0.0.1 /thinkphp/index.php/Admin/Video/showVideo/p/2.html
INFO: [ app_init ] --START--
INFO: Run Behavior\BuildLiteBehavior [ RunTime:0.000012s ]
INFO: [ app_init ] --END-- [ RunTime:0.000315s ]
INFO: [ app_begin ] --START--
INFO: Run Behavior\ReadHtmlCacheBehavior [ RunTime:0.000380s ]
INFO: [ app_begin ] --END-- [ RunTime:0.000422s ]
SQL: SHOW COLUMNS FROM `think_video` [ RunTime:0.0007s ]
SQL: SELECT * FROM `think_video` LIMIT 5,5   [ RunTime:0.0003s ]
SQL: SELECT COUNT(*) AS tp_count FROM `think_video` LIMIT 1   [ RunTime:0.0002s ]
NOTIC: [2] Missing argument 1 for Think\Controller::show(), called in E:\Environment\Apache24\htdocs\thinkphp\Application\Admin\Controller\VideoController.class.php on line 105 and defined E:\Environment\Apache24\htdocs\thinkphp\ThinkPHP\Library\Think\Controller.class.php 第 73 行.
NOTIC: [8] Undefined variable: content E:\Environment\Apache24\htdocs\thinkphp\ThinkPHP\Library\Think\Controller.class.php 第 75 行.
INFO: [ view_parse ] --START--
INFO: [ template_filter ] --START--
INFO: Run Behavior\ContentReplaceBehavior [ RunTime:0.000047s ]
INFO: [ template_filter ] --END-- [ RunTime:0.000093s ]
INFO: Run Behavior\ParseTemplateBehavior [ RunTime:0.006902s ]
INFO: [ view_parse ] --END-- [ RunTime:0.006962s ]
INFO: [ view_filter ] --START--
INFO: Run Behavior\WriteHtmlCacheBehavior [ RunTime:0.000283s ]
INFO: Run Behavior\TokenBuildBehavior [ RunTime:0.000363s ]
INFO: [ view_filter ] --END-- [ RunTime:0.000703s ]
INFO: [ app_end ] --START--
INFO: Run Behavior\ShowPageTraceBehavior [ RunTime:0.000447s ]
INFO: [ app_end ] --END-- [ RunTime:0.000483s ]

[ 2016-04-10T22:25:08+08:00 ] 127.0.0.1 /thinkphp/index.php/Admin/Video/showVideo/p/3.html
INFO: [ app_init ] --START--
INFO: Run Behavior\BuildLiteBehavior [ RunTime:0.000017s ]
INFO: [ app_init ] --END-- [ RunTime:0.000328s ]
INFO: [ app_begin ] --START--
INFO: Run Behavior\ReadHtmlCacheBehavior [ RunTime:0.000607s ]
INFO: [ app_begin ] --END-- [ RunTime:0.000672s ]
SQL: SHOW COLUMNS FROM `think_video` [ RunTime:0.0007s ]
SQL: SELECT * FROM `think_video` LIMIT 10,5   [ RunTime:0.0003s ]
SQL: SELECT COUNT(*) AS tp_count FROM `think_video` LIMIT 1   [ RunTime:0.0002s ]
NOTIC: [2] Missing argument 1 for Think\Controller::show(), called in E:\Environment\Apache24\htdocs\thinkphp\Application\Admin\Controller\VideoController.class.php on line 105 and defined E:\Environment\Apache24\htdocs\thinkphp\ThinkPHP\Library\Think\Controller.class.php 第 73 行.
NOTIC: [8] Undefined variable: content E:\Environment\Apache24\htdocs\thinkphp\ThinkPHP\Library\Think\Controller.class.php 第 75 行.
INFO: [ view_parse ] --START--
INFO: [ template_filter ] --START--
INFO: Run Behavior\ContentReplaceBehavior [ RunTime:0.000055s ]
INFO: [ template_filter ] --END-- [ RunTime:0.000111s ]
INFO: Run Behavior\ParseTemplateBehavior [ RunTime:0.010976s ]
INFO: [ view_parse ] --END-- [ RunTime:0.011040s ]
INFO: [ view_filter ] --START--
INFO: Run Behavior\WriteHtmlCacheBehavior [ RunTime:0.000326s ]
INFO: Run Behavior\TokenBuildBehavior [ RunTime:0.000374s ]
INFO: [ view_filter ] --END-- [ RunTime:0.000765s ]
INFO: [ app_end ] --START--
INFO: Run Behavior\ShowPageTraceBehavior [ RunTime:0.000522s ]
INFO: [ app_end ] --END-- [ RunTime:0.000564s ]

[ 2016-04-10T22:25:33+08:00 ] 127.0.0.1 /thinkphp/index.php/Admin/Video/showVideo/p/3.html
INFO: [ app_init ] --START--
INFO: Run Behavior\BuildLiteBehavior [ RunTime:0.000014s ]
INFO: [ app_init ] --END-- [ RunTime:0.000332s ]
INFO: [ app_begin ] --START--
INFO: Run Behavior\ReadHtmlCacheBehavior [ RunTime:0.000364s ]
INFO: [ app_begin ] --END-- [ RunTime:0.000422s ]
SQL: SHOW COLUMNS FROM `think_video` [ RunTime:0.0008s ]
SQL: SELECT * FROM `think_video` LIMIT 10,5   [ RunTime:0.0004s ]
SQL: SELECT COUNT(*) AS tp_count FROM `think_video` LIMIT 1   [ RunTime:0.0002s ]
NOTIC: [2] Missing argument 1 for Think\Controller::show(), called in E:\Environment\Apache24\htdocs\thinkphp\Application\Admin\Controller\VideoController.class.php on line 105 and defined E:\Environment\Apache24\htdocs\thinkphp\ThinkPHP\Library\Think\Controller.class.php 第 73 行.
NOTIC: [8] Undefined variable: content E:\Environment\Apache24\htdocs\thinkphp\ThinkPHP\Library\Think\Controller.class.php 第 75 行.
INFO: [ view_parse ] --START--
INFO: [ template_filter ] --START--
INFO: Run Behavior\ContentReplaceBehavior [ RunTime:0.000048s ]
INFO: [ template_filter ] --END-- [ RunTime:0.000090s ]
INFO: Run Behavior\ParseTemplateBehavior [ RunTime:0.006354s ]
INFO: [ view_parse ] --END-- [ RunTime:0.006415s ]
INFO: [ view_filter ] --START--
INFO: Run Behavior\WriteHtmlCacheBehavior [ RunTime:0.000321s ]
INFO: Run Behavior\TokenBuildBehavior [ RunTime:0.000337s ]
INFO: [ view_filter ] --END-- [ RunTime:0.000739s ]
INFO: [ app_end ] --START--
INFO: Run Behavior\ShowPageTraceBehavior [ RunTime:0.000552s ]
INFO: [ app_end ] --END-- [ RunTime:0.000595s ]

[ 2016-04-10T22:25:34+08:00 ] 127.0.0.1 /thinkphp/index.php/Admin/Video/showVideo/p/3.html
INFO: [ app_init ] --START--
INFO: Run Behavior\BuildLiteBehavior [ RunTime:0.000013s ]
INFO: [ app_init ] --END-- [ RunTime:0.000337s ]
INFO: [ app_begin ] --START--
INFO: Run Behavior\ReadHtmlCacheBehavior [ RunTime:0.000479s ]
INFO: [ app_begin ] --END-- [ RunTime:0.000522s ]
SQL: SHOW COLUMNS FROM `think_video` [ RunTime:0.0011s ]
SQL: SELECT * FROM `think_video` LIMIT 10,5   [ RunTime:0.0004s ]
SQL: SELECT COUNT(*) AS tp_count FROM `think_video` LIMIT 1   [ RunTime:0.0002s ]
NOTIC: [2] Missing argument 1 for Think\Controller::show(), called in E:\Environment\Apache24\htdocs\thinkphp\Application\Admin\Controller\VideoController.class.php on line 105 and defined E:\Environment\Apache24\htdocs\thinkphp\ThinkPHP\Library\Think\Controller.class.php 第 73 行.
NOTIC: [8] Undefined variable: content E:\Environment\Apache24\htdocs\thinkphp\ThinkPHP\Library\Think\Controller.class.php 第 75 行.
INFO: [ view_parse ] --START--
INFO: [ template_filter ] --START--
INFO: Run Behavior\ContentReplaceBehavior [ RunTime:0.000052s ]
INFO: [ template_filter ] --END-- [ RunTime:0.000101s ]
INFO: Run Behavior\ParseTemplateBehavior [ RunTime:0.007276s ]
INFO: [ view_parse ] --END-- [ RunTime:0.007339s ]
INFO: [ view_filter ] --START--
INFO: Run Behavior\WriteHtmlCacheBehavior [ RunTime:0.000361s ]
INFO: Run Behavior\TokenBuildBehavior [ RunTime:0.000410s ]
INFO: [ view_filter ] --END-- [ RunTime:0.000838s ]
INFO: [ app_end ] --START--
INFO: Run Behavior\ShowPageTraceBehavior [ RunTime:0.000477s ]
INFO: [ app_end ] --END-- [ RunTime:0.000517s ]

[ 2016-04-10T22:26:15+08:00 ] 127.0.0.1 /thinkphp/index.php/Admin/Video/showVideo/p/3.html
INFO: [ app_init ] --START--
INFO: Run Behavior\BuildLiteBehavior [ RunTime:0.000020s ]
INFO: [ app_init ] --END-- [ RunTime:0.000412s ]
INFO: [ app_begin ] --START--
INFO: Run Behavior\ReadHtmlCacheBehavior [ RunTime:0.000390s ]
INFO: [ app_begin ] --END-- [ RunTime:0.000441s ]
SQL: SHOW COLUMNS FROM `think_video` [ RunTime:0.0007s ]
SQL: SELECT * FROM `think_video` LIMIT 10,5   [ RunTime:0.0003s ]
SQL: SELECT COUNT(*) AS tp_count FROM `think_video` LIMIT 1   [ RunTime:0.0002s ]
NOTIC: [2] Missing argument 1 for Think\Controller::show(), called in E:\Environment\Apache24\htdocs\thinkphp\Application\Admin\Controller\VideoController.class.php on line 105 and defined E:\Environment\Apache24\htdocs\thinkphp\ThinkPHP\Library\Think\Controller.class.php 第 73 行.
NOTIC: [8] Undefined variable: content E:\Environment\Apache24\htdocs\thinkphp\ThinkPHP\Library\Think\Controller.class.php 第 75 行.
INFO: [ view_parse ] --START--
INFO: [ template_filter ] --START--
INFO: Run Behavior\ContentReplaceBehavior [ RunTime:0.000047s ]
INFO: [ template_filter ] --END-- [ RunTime:0.000094s ]
INFO: Run Behavior\ParseTemplateBehavior [ RunTime:0.008094s ]
INFO: [ view_parse ] --END-- [ RunTime:0.008149s ]
INFO: [ view_filter ] --START--
INFO: Run Behavior\WriteHtmlCacheBehavior [ RunTime:0.000302s ]
INFO: Run Behavior\TokenBuildBehavior [ RunTime:0.000349s ]
INFO: [ view_filter ] --END-- [ RunTime:0.000706s ]
INFO: [ app_end ] --START--
INFO: Run Behavior\ShowPageTraceBehavior [ RunTime:0.000406s ]
INFO: [ app_end ] --END-- [ RunTime:0.000447s ]

[ 2016-04-10T22:26:20+08:00 ] 127.0.0.1 /thinkphp/index.php/Admin/Video/showVideo/p/2.html
INFO: [ app_init ] --START--
INFO: Run Behavior\BuildLiteBehavior [ RunTime:0.000012s ]
INFO: [ app_init ] --END-- [ RunTime:0.000331s ]
INFO: [ app_begin ] --START--
INFO: Run Behavior\ReadHtmlCacheBehavior [ RunTime:0.000389s ]
INFO: [ app_begin ] --END-- [ RunTime:0.000431s ]
SQL: SHOW COLUMNS FROM `think_video` [ RunTime:0.0007s ]
SQL: SELECT * FROM `think_video` LIMIT 5,5   [ RunTime:0.0003s ]
SQL: SELECT COUNT(*) AS tp_count FROM `think_video` LIMIT 1   [ RunTime:0.0002s ]
NOTIC: [2] Missing argument 1 for Think\Controller::show(), called in E:\Environment\Apache24\htdocs\thinkphp\Application\Admin\Controller\VideoController.class.php on line 105 and defined E:\Environment\Apache24\htdocs\thinkphp\ThinkPHP\Library\Think\Controller.class.php 第 73 行.
NOTIC: [8] Undefined variable: content E:\Environment\Apache24\htdocs\thinkphp\ThinkPHP\Library\Think\Controller.class.php 第 75 行.
INFO: [ view_parse ] --START--
INFO: [ template_filter ] --START--
INFO: Run Behavior\ContentReplaceBehavior [ RunTime:0.000055s ]
INFO: [ template_filter ] --END-- [ RunTime:0.000116s ]
INFO: Run Behavior\ParseTemplateBehavior [ RunTime:0.006627s ]
INFO: [ view_parse ] --END-- [ RunTime:0.006697s ]
INFO: [ view_filter ] --START--
INFO: Run Behavior\WriteHtmlCacheBehavior [ RunTime:0.000325s ]
INFO: Run Behavior\TokenBuildBehavior [ RunTime:0.000328s ]
INFO: [ view_filter ] --END-- [ RunTime:0.000719s ]
INFO: [ app_end ] --START--
INFO: Run Behavior\ShowPageTraceBehavior [ RunTime:0.000485s ]
INFO: [ app_end ] --END-- [ RunTime:0.000523s ]

[ 2016-04-10T22:26:22+08:00 ] 127.0.0.1 /thinkphp/index.php/Admin/Video/showVideo/p/1.html
INFO: [ app_init ] --START--
INFO: Run Behavior\BuildLiteBehavior [ RunTime:0.000014s ]
INFO: [ app_init ] --END-- [ RunTime:0.000327s ]
INFO: [ app_begin ] --START--
INFO: Run Behavior\ReadHtmlCacheBehavior [ RunTime:0.000413s ]
INFO: [ app_begin ] --END-- [ RunTime:0.000463s ]
SQL: SHOW COLUMNS FROM `think_video` [ RunTime:0.0010s ]
SQL: SELECT * FROM `think_video` LIMIT 0,5   [ RunTime:0.0005s ]
SQL: SELECT COUNT(*) AS tp_count FROM `think_video` LIMIT 1   [ RunTime:0.0003s ]
NOTIC: [2] Missing argument 1 for Think\Controller::show(), called in E:\Environment\Apache24\htdocs\thinkphp\Application\Admin\Controller\VideoController.class.php on line 105 and defined E:\Environment\Apache24\htdocs\thinkphp\ThinkPHP\Library\Think\Controller.class.php 第 73 行.
NOTIC: [8] Undefined variable: content E:\Environment\Apache24\htdocs\thinkphp\ThinkPHP\Library\Think\Controller.class.php 第 75 行.
INFO: [ view_parse ] --START--
INFO: [ template_filter ] --START--
INFO: Run Behavior\ContentReplaceBehavior [ RunTime:0.000053s ]
INFO: [ template_filter ] --END-- [ RunTime:0.000109s ]
INFO: Run Behavior\ParseTemplateBehavior [ RunTime:0.007786s ]
INFO: [ view_parse ] --END-- [ RunTime:0.007860s ]
INFO: [ view_filter ] --START--
INFO: Run Behavior\WriteHtmlCacheBehavior [ RunTime:0.000317s ]
INFO: Run Behavior\TokenBuildBehavior [ RunTime:0.000377s ]
INFO: [ view_filter ] --END-- [ RunTime:0.000756s ]
INFO: [ app_end ] --START--
INFO: Run Behavior\ShowPageTraceBehavior [ RunTime:0.000521s ]
INFO: [ app_end ] --END-- [ RunTime:0.000562s ]

[ 2016-04-10T22:26:23+08:00 ] 127.0.0.1 /thinkphp/index.php/Admin/Video/showVideo/p/2.html
INFO: [ app_init ] --START--
INFO: Run Behavior\BuildLiteBehavior [ RunTime:0.000021s ]
INFO: [ app_init ] --END-- [ RunTime:0.000546s ]
INFO: [ app_begin ] --START--
INFO: Run Behavior\ReadHtmlCacheBehavior [ RunTime:0.000770s ]
INFO: [ app_begin ] --END-- [ RunTime:0.000843s ]
SQL: SHOW COLUMNS FROM `think_video` [ RunTime:0.0010s ]
SQL: SELECT * FROM `think_video` LIMIT 5,5   [ RunTime:0.0004s ]
SQL: SELECT COUNT(*) AS tp_count FROM `think_video` LIMIT 1   [ RunTime:0.0002s ]
NOTIC: [2] Missing argument 1 for Think\Controller::show(), called in E:\Environment\Apache24\htdocs\thinkphp\Application\Admin\Controller\VideoController.class.php on line 105 and defined E:\Environment\Apache24\htdocs\thinkphp\ThinkPHP\Library\Think\Controller.class.php 第 73 行.
NOTIC: [8] Undefined variable: content E:\Environment\Apache24\htdocs\thinkphp\ThinkPHP\Library\Think\Controller.class.php 第 75 行.
INFO: [ view_parse ] --START--
INFO: [ template_filter ] --START--
INFO: Run Behavior\ContentReplaceBehavior [ RunTime:0.000051s ]
INFO: [ template_filter ] --END-- [ RunTime:0.000103s ]
INFO: Run Behavior\ParseTemplateBehavior [ RunTime:0.008384s ]
INFO: [ view_parse ] --END-- [ RunTime:0.008457s ]
INFO: [ view_filter ] --START--
INFO: Run Behavior\WriteHtmlCacheBehavior [ RunTime:0.000325s ]
INFO: Run Behavior\TokenBuildBehavior [ RunTime:0.000376s ]
INFO: [ view_filter ] --END-- [ RunTime:0.000763s ]
INFO: [ app_end ] --START--
INFO: Run Behavior\ShowPageTraceBehavior [ RunTime:0.000516s ]
INFO: [ app_end ] --END-- [ RunTime:0.000556s ]

[ 2016-04-10T22:26:25+08:00 ] 127.0.0.1 /thinkphp/index.php/Admin/Video/showVideo/p/3.html
INFO: [ app_init ] --START--
INFO: Run Behavior\BuildLiteBehavior [ RunTime:0.000012s ]
INFO: [ app_init ] --END-- [ RunTime:0.000323s ]
INFO: [ app_begin ] --START--
INFO: Run Behavior\ReadHtmlCacheBehavior [ RunTime:0.000412s ]
INFO: [ app_begin ] --END-- [ RunTime:0.000458s ]
SQL: SHOW COLUMNS FROM `think_video` [ RunTime:0.0009s ]
SQL: SELECT * FROM `think_video` LIMIT 10,5   [ RunTime:0.0005s ]
SQL: SELECT COUNT(*) AS tp_count FROM `think_video` LIMIT 1   [ RunTime:0.0003s ]
NOTIC: [2] Missing argument 1 for Think\Controller::show(), called in E:\Environment\Apache24\htdocs\thinkphp\Application\Admin\Controller\VideoController.class.php on line 105 and defined E:\Environment\Apache24\htdocs\thinkphp\ThinkPHP\Library\Think\Controller.class.php 第 73 行.
NOTIC: [8] Undefined variable: content E:\Environment\Apache24\htdocs\thinkphp\ThinkPHP\Library\Think\Controller.class.php 第 75 行.
INFO: [ view_parse ] --START--
INFO: [ template_filter ] --START--
INFO: Run Behavior\ContentReplaceBehavior [ RunTime:0.000053s ]
INFO: [ template_filter ] --END-- [ RunTime:0.000104s ]
INFO: Run Behavior\ParseTemplateBehavior [ RunTime:0.008080s ]
INFO: [ view_parse ] --END-- [ RunTime:0.008164s ]
INFO: [ view_filter ] --START--
INFO: Run Behavior\WriteHtmlCacheBehavior [ RunTime:0.000420s ]
INFO: Run Behavior\TokenBuildBehavior [ RunTime:0.000572s ]
INFO: [ view_filter ] --END-- [ RunTime:0.001106s ]
INFO: [ app_end ] --START--
INFO: Run Behavior\ShowPageTraceBehavior [ RunTime:0.000690s ]
INFO: [ app_end ] --END-- [ RunTime:0.000749s ]

[ 2016-04-10T22:26:28+08:00 ] 127.0.0.1 /thinkphp/admin/video/showVideo?class=%E5%8A%A8%E6%BC%AB
INFO: [ app_init ] --START--
INFO: Run Behavior\BuildLiteBehavior [ RunTime:0.000013s ]
INFO: [ app_init ] --END-- [ RunTime:0.000321s ]
INFO: [ app_begin ] --START--
INFO: Run Behavior\ReadHtmlCacheBehavior [ RunTime:0.000362s ]
INFO: [ app_begin ] --END-- [ RunTime:0.000415s ]
SQL: SHOW COLUMNS FROM `think_class` [ RunTime:0.0007s ]
SQL: SELECT `class_name` FROM `think_class`  [ RunTime:0.0003s ]
SQL: SHOW COLUMNS FROM `think_video` [ RunTime:0.0008s ]
SQL: SELECT * FROM `think_video` WHERE `class` = '动漫' LIMIT 0,5   [ RunTime:0.0006s ]
SQL: SELECT COUNT(*) AS tp_count FROM `think_video` WHERE `class` = '动漫' LIMIT 1   [ RunTime:0.0003s ]
NOTIC: [2] Missing argument 1 for Think\Controller::show(), called in E:\Environment\Apache24\htdocs\thinkphp\Application\Admin\Controller\VideoController.class.php on line 105 and defined E:\Environment\Apache24\htdocs\thinkphp\ThinkPHP\Library\Think\Controller.class.php 第 73 行.
NOTIC: [8] Undefined variable: content E:\Environment\Apache24\htdocs\thinkphp\ThinkPHP\Library\Think\Controller.class.php 第 75 行.
INFO: [ view_parse ] --START--
INFO: [ template_filter ] --START--
INFO: Run Behavior\ContentReplaceBehavior [ RunTime:0.000052s ]
INFO: [ template_filter ] --END-- [ RunTime:0.000100s ]
INFO: Run Behavior\ParseTemplateBehavior [ RunTime:0.007211s ]
INFO: [ view_parse ] --END-- [ RunTime:0.007290s ]
INFO: [ view_filter ] --START--
INFO: Run Behavior\WriteHtmlCacheBehavior [ RunTime:0.000330s ]
INFO: Run Behavior\TokenBuildBehavior [ RunTime:0.000373s ]
INFO: [ view_filter ] --END-- [ RunTime:0.000766s ]
INFO: [ app_end ] --START--
INFO: Run Behavior\ShowPageTraceBehavior [ RunTime:0.000455s ]
INFO: [ app_end ] --END-- [ RunTime:0.000491s ]

[ 2016-04-10T22:26:29+08:00 ] 127.0.0.1 /thinkphp/admin/video/showVideo?class=%E7%95%AA%E5%89%A7
INFO: [ app_init ] --START--
INFO: Run Behavior\BuildLiteBehavior [ RunTime:0.000013s ]
INFO: [ app_init ] --END-- [ RunTime:0.000320s ]
INFO: [ app_begin ] --START--
INFO: Run Behavior\ReadHtmlCacheBehavior [ RunTime:0.000428s ]
INFO: [ app_begin ] --END-- [ RunTime:0.000489s ]
SQL: SHOW COLUMNS FROM `think_class` [ RunTime:0.0008s ]
SQL: SELECT `class_name` FROM `think_class`  [ RunTime:0.0003s ]
SQL: SHOW COLUMNS FROM `think_video` [ RunTime:0.0006s ]
SQL: SELECT * FROM `think_video` WHERE `class` = '番剧' LIMIT 0,5   [ RunTime:0.0004s ]
SQL: SELECT COUNT(*) AS tp_count FROM `think_video` WHERE `class` = '番剧' LIMIT 1   [ RunTime:0.0003s ]
NOTIC: [2] Missing argument 1 for Think\Controller::show(), called in E:\Environment\Apache24\htdocs\thinkphp\Application\Admin\Controller\VideoController.class.php on line 105 and defined E:\Environment\Apache24\htdocs\thinkphp\ThinkPHP\Library\Think\Controller.class.php 第 73 行.
NOTIC: [8] Undefined variable: content E:\Environment\Apache24\htdocs\thinkphp\ThinkPHP\Library\Think\Controller.class.php 第 75 行.
INFO: [ view_parse ] --START--
INFO: [ template_filter ] --START--
INFO: Run Behavior\ContentReplaceBehavior [ RunTime:0.000068s ]
INFO: [ template_filter ] --END-- [ RunTime:0.000140s ]
INFO: Run Behavior\ParseTemplateBehavior [ RunTime:0.007906s ]
INFO: [ view_parse ] --END-- [ RunTime:0.007967s ]
INFO: [ view_filter ] --START--
INFO: Run Behavior\WriteHtmlCacheBehavior [ RunTime:0.000341s ]
INFO: Run Behavior\TokenBuildBehavior [ RunTime:0.000371s ]
INFO: [ view_filter ] --END-- [ RunTime:0.000773s ]
INFO: [ app_end ] --START--
INFO: Run Behavior\ShowPageTraceBehavior [ RunTime:0.000518s ]
INFO: [ app_end ] --END-- [ RunTime:0.000560s ]

[ 2016-04-10T22:26:36+08:00 ] 127.0.0.1 /thinkphp/admin/video/showVideo?class=%E7%94%B5%E5%BD%B1
INFO: [ app_init ] --START--
INFO: Run Behavior\BuildLiteBehavior [ RunTime:0.000012s ]
INFO: [ app_init ] --END-- [ RunTime:0.000319s ]
INFO: [ app_begin ] --START--
INFO: Run Behavior\ReadHtmlCacheBehavior [ RunTime:0.000419s ]
INFO: [ app_begin ] --END-- [ RunTime:0.000469s ]
SQL: SHOW COLUMNS FROM `think_class` [ RunTime:0.0007s ]
SQL: SELECT `class_name` FROM `think_class`  [ RunTime:0.0003s ]
SQL: SHOW COLUMNS FROM `think_video` [ RunTime:0.0008s ]
SQL: SELECT * FROM `think_video` WHERE `class` = '电影' LIMIT 0,5   [ RunTime:0.0005s ]
SQL: SELECT COUNT(*) AS tp_count FROM `think_video` WHERE `class` = '电影' LIMIT 1   [ RunTime:0.0003s ]
NOTIC: [2] Missing argument 1 for Think\Controller::show(), called in E:\Environment\Apache24\htdocs\thinkphp\Application\Admin\Controller\VideoController.class.php on line 105 and defined E:\Environment\Apache24\htdocs\thinkphp\ThinkPHP\Library\Think\Controller.class.php 第 73 行.
NOTIC: [8] Undefined variable: content E:\Environment\Apache24\htdocs\thinkphp\ThinkPHP\Library\Think\Controller.class.php 第 75 行.
INFO: [ view_parse ] --START--
INFO: [ template_filter ] --START--
INFO: Run Behavior\ContentReplaceBehavior [ RunTime:0.000047s ]
INFO: [ template_filter ] --END-- [ RunTime:0.000091s ]
INFO: Run Behavior\ParseTemplateBehavior [ RunTime:0.006647s ]
INFO: [ view_parse ] --END-- [ RunTime:0.006721s ]
INFO: [ view_filter ] --START--
INFO: Run Behavior\WriteHtmlCacheBehavior [ RunTime:0.000382s ]
INFO: Run Behavior\TokenBuildBehavior [ RunTime:0.000451s ]
INFO: [ view_filter ] --END-- [ RunTime:0.000901s ]
INFO: [ app_end ] --START--
INFO: Run Behavior\ShowPageTraceBehavior [ RunTime:0.000480s ]
INFO: [ app_end ] --END-- [ RunTime:0.000515s ]

[ 2016-04-10T22:26:37+08:00 ] 127.0.0.1 /thinkphp/admin/video/showVideo
INFO: [ app_init ] --START--
INFO: Run Behavior\BuildLiteBehavior [ RunTime:0.000018s ]
INFO: [ app_init ] --END-- [ RunTime:0.000479s ]
INFO: [ app_begin ] --START--
INFO: Run Behavior\ReadHtmlCacheBehavior [ RunTime:0.000585s ]
INFO: [ app_begin ] --END-- [ RunTime:0.000654s ]
SQL: SHOW COLUMNS FROM `think_video` [ RunTime:0.0007s ]
SQL: SELECT * FROM `think_video` LIMIT 0,5   [ RunTime:0.0004s ]
SQL: SELECT COUNT(*) AS tp_count FROM `think_video` LIMIT 1   [ RunTime:0.0002s ]
NOTIC: [2] Missing argument 1 for Think\Controller::show(), called in E:\Environment\Apache24\htdocs\thinkphp\Application\Admin\Controller\VideoController.class.php on line 105 and defined E:\Environment\Apache24\htdocs\thinkphp\ThinkPHP\Library\Think\Controller.class.php 第 73 行.
NOTIC: [8] Undefined variable: content E:\Environment\Apache24\htdocs\thinkphp\ThinkPHP\Library\Think\Controller.class.php 第 75 行.
INFO: [ view_parse ] --START--
INFO: [ template_filter ] --START--
INFO: Run Behavior\ContentReplaceBehavior [ RunTime:0.000052s ]
INFO: [ template_filter ] --END-- [ RunTime:0.000104s ]
INFO: Run Behavior\ParseTemplateBehavior [ RunTime:0.007438s ]
INFO: [ view_parse ] --END-- [ RunTime:0.007501s ]
INFO: [ view_filter ] --START--
INFO: Run Behavior\WriteHtmlCacheBehavior [ RunTime:0.000329s ]
INFO: Run Behavior\TokenBuildBehavior [ RunTime:0.000374s ]
INFO: [ view_filter ] --END-- [ RunTime:0.000769s ]
INFO: [ app_end ] --START--
INFO: Run Behavior\ShowPageTraceBehavior [ RunTime:0.000554s ]
INFO: [ app_end ] --END-- [ RunTime:0.000594s ]

[ 2016-04-10T22:27:32+08:00 ] 127.0.0.1 /thinkphp/admin/video/showVideo
INFO: [ app_init ] --START--
INFO: Run Behavior\BuildLiteBehavior [ RunTime:0.000012s ]
INFO: [ app_init ] --END-- [ RunTime:0.000288s ]
INFO: [ app_begin ] --START--
INFO: Run Behavior\ReadHtmlCacheBehavior [ RunTime:0.000358s ]
INFO: [ app_begin ] --END-- [ RunTime:0.000399s ]
SQL: SHOW COLUMNS FROM `think_video` [ RunTime:0.0008s ]
SQL: SELECT * FROM `think_video` LIMIT 0,5   [ RunTime:0.0003s ]
SQL: SELECT COUNT(*) AS tp_count FROM `think_video` LIMIT 1   [ RunTime:0.0002s ]
NOTIC: [2] Missing argument 1 for Think\Controller::show(), called in E:\Environment\Apache24\htdocs\thinkphp\Application\Admin\Controller\VideoController.class.php on line 105 and defined E:\Environment\Apache24\htdocs\thinkphp\ThinkPHP\Library\Think\Controller.class.php 第 73 行.
NOTIC: [8] Undefined variable: content E:\Environment\Apache24\htdocs\thinkphp\ThinkPHP\Library\Think\Controller.class.php 第 75 行.
INFO: [ view_parse ] --START--
INFO: [ template_filter ] --START--
INFO: Run Behavior\ContentReplaceBehavior [ RunTime:0.000200s ]
INFO: [ template_filter ] --END-- [ RunTime:0.000386s ]
INFO: Run Behavior\ParseTemplateBehavior [ RunTime:0.007255s ]
INFO: [ view_parse ] --END-- [ RunTime:0.007307s ]
INFO: [ view_filter ] --START--
INFO: Run Behavior\WriteHtmlCacheBehavior [ RunTime:0.000295s ]
INFO: Run Behavior\TokenBuildBehavior [ RunTime:0.000327s ]
INFO: [ view_filter ] --END-- [ RunTime:0.000691s ]
INFO: [ app_end ] --START--
INFO: Run Behavior\ShowPageTraceBehavior [ RunTime:0.000473s ]
INFO: [ app_end ] --END-- [ RunTime:0.000507s ]

[ 2016-04-10T22:28:09+08:00 ] 127.0.0.1 /thinkphp/admin/video/showVideo
INFO: [ app_init ] --START--
INFO: Run Behavior\BuildLiteBehavior [ RunTime:0.000019s ]
INFO: [ app_init ] --END-- [ RunTime:0.000397s ]
INFO: [ app_begin ] --START--
INFO: Run Behavior\ReadHtmlCacheBehavior [ RunTime:0.000422s ]
INFO: [ app_begin ] --END-- [ RunTime:0.000470s ]
SQL: SHOW COLUMNS FROM `think_video` [ RunTime:0.0008s ]
SQL: SELECT * FROM `think_video` LIMIT 0,5   [ RunTime:0.0004s ]
SQL: SELECT COUNT(*) AS tp_count FROM `think_video` LIMIT 1   [ RunTime:0.0002s ]
NOTIC: [2] Missing argument 1 for Think\Controller::show(), called in E:\Environment\Apache24\htdocs\thinkphp\Application\Admin\Controller\VideoController.class.php on line 105 and defined E:\Environment\Apache24\htdocs\thinkphp\ThinkPHP\Library\Think\Controller.class.php 第 73 行.
NOTIC: [8] Undefined variable: content E:\Environment\Apache24\htdocs\thinkphp\ThinkPHP\Library\Think\Controller.class.php 第 75 行.
INFO: [ view_parse ] --START--
INFO: [ template_filter ] --START--
INFO: Run Behavior\ContentReplaceBehavior [ RunTime:0.000055s ]
INFO: [ template_filter ] --END-- [ RunTime:0.000111s ]
INFO: Run Behavior\ParseTemplateBehavior [ RunTime:0.020517s ]
INFO: [ view_parse ] --END-- [ RunTime:0.020630s ]
INFO: [ view_filter ] --START--
INFO: Run Behavior\WriteHtmlCacheBehavior [ RunTime:0.000399s ]
INFO: Run Behavior\TokenBuildBehavior [ RunTime:0.000402s ]
INFO: [ view_filter ] --END-- [ RunTime:0.000882s ]
INFO: [ app_end ] --START--
INFO: Run Behavior\ShowPageTraceBehavior [ RunTime:0.000800s ]
INFO: [ app_end ] --END-- [ RunTime:0.000868s ]

[ 2016-04-10T22:28:25+08:00 ] 127.0.0.1 /thinkphp/admin/video/showVideo
INFO: [ app_init ] --START--
INFO: Run Behavior\BuildLiteBehavior [ RunTime:0.000015s ]
INFO: [ app_init ] --END-- [ RunTime:0.000368s ]
INFO: [ app_begin ] --START--
INFO: Run Behavior\ReadHtmlCacheBehavior [ RunTime:0.000498s ]
INFO: [ app_begin ] --END-- [ RunTime:0.000547s ]
SQL: SHOW COLUMNS FROM `think_video` [ RunTime:0.0013s ]
SQL: SELECT * FROM `think_video` LIMIT 0,5   [ RunTime:0.0005s ]
SQL: SELECT COUNT(*) AS tp_count FROM `think_video` LIMIT 1   [ RunTime:0.0002s ]
NOTIC: [2] Missing argument 1 for Think\Controller::show(), called in E:\Environment\Apache24\htdocs\thinkphp\Application\Admin\Controller\VideoController.class.php on line 105 and defined E:\Environment\Apache24\htdocs\thinkphp\ThinkPHP\Library\Think\Controller.class.php 第 73 行.
NOTIC: [8] Undefined variable: content E:\Environment\Apache24\htdocs\thinkphp\ThinkPHP\Library\Think\Controller.class.php 第 75 行.
INFO: [ view_parse ] --START--
INFO: [ template_filter ] --START--
INFO: Run Behavior\ContentReplaceBehavior [ RunTime:0.000053s ]
INFO: [ template_filter ] --END-- [ RunTime:0.000107s ]
INFO: Run Behavior\ParseTemplateBehavior [ RunTime:0.015671s ]
INFO: [ view_parse ] --END-- [ RunTime:0.015757s ]
INFO: [ view_filter ] --START--
INFO: Run Behavior\WriteHtmlCacheBehavior [ RunTime:0.000458s ]
INFO: Run Behavior\TokenBuildBehavior [ RunTime:0.000528s ]
INFO: [ view_filter ] --END-- [ RunTime:0.001086s ]
INFO: [ app_end ] --START--
INFO: Run Behavior\ShowPageTraceBehavior [ RunTime:0.000668s ]
INFO: [ app_end ] --END-- [ RunTime:0.000719s ]

[ 2016-04-10T22:28:30+08:00 ] 127.0.0.1 /thinkphp/admin/video/editVideo?id=5
INFO: [ app_init ] --START--
INFO: Run Behavior\BuildLiteBehavior [ RunTime:0.000012s ]
INFO: [ app_init ] --END-- [ RunTime:0.000282s ]
INFO: [ app_begin ] --START--
INFO: Run Behavior\ReadHtmlCacheBehavior [ RunTime:0.000403s ]
INFO: [ app_begin ] --END-- [ RunTime:0.000451s ]
SQL: SHOW COLUMNS FROM `think_class` [ RunTime:0.0007s ]
SQL: SELECT `class_name` FROM `think_class`  [ RunTime:0.0003s ]
SQL: SHOW COLUMNS FROM `think_tag` [ RunTime:0.0005s ]
SQL: SELECT `tag_name` FROM `think_tag`  [ RunTime:0.0003s ]
SQL: SHOW COLUMNS FROM `think_area` [ RunTime:0.0007s ]
SQL: SELECT `area_name` FROM `think_area`  [ RunTime:0.0004s ]
SQL: SHOW COLUMNS FROM `think_language` [ RunTime:0.0006s ]
SQL: SELECT `language_name` FROM `think_language`  [ RunTime:0.0002s ]
SQL: SHOW COLUMNS FROM `think_video` [ RunTime:0.0007s ]
SQL: SELECT * FROM `think_video` WHERE `id` = 5  [ RunTime:0.0004s ]
NOTIC: [2] Missing argument 1 for Think\Controller::show(), called in E:\Environment\Apache24\htdocs\thinkphp\Application\Admin\Controller\VideoController.class.php on line 175 and defined E:\Environment\Apache24\htdocs\thinkphp\ThinkPHP\Library\Think\Controller.class.php 第 73 行.
NOTIC: [8] Undefined variable: content E:\Environment\Apache24\htdocs\thinkphp\ThinkPHP\Library\Think\Controller.class.php 第 75 行.
INFO: [ view_parse ] --START--
INFO: [ template_filter ] --START--
INFO: Run Behavior\ContentReplaceBehavior [ RunTime:0.000069s ]
INFO: [ template_filter ] --END-- [ RunTime:0.000124s ]
INFO: Run Behavior\ParseTemplateBehavior [ RunTime:0.009519s ]
INFO: [ view_parse ] --END-- [ RunTime:0.009588s ]
INFO: [ view_filter ] --START--
INFO: Run Behavior\WriteHtmlCacheBehavior [ RunTime:0.000333s ]
INFO: Run Behavior\TokenBuildBehavior [ RunTime:0.000377s ]
INFO: [ view_filter ] --END-- [ RunTime:0.000769s ]
INFO: [ app_end ] --START--
INFO: Run Behavior\ShowPageTraceBehavior [ RunTime:0.000482s ]
INFO: [ app_end ] --END-- [ RunTime:0.000519s ]

[ 2016-04-10T22:28:45+08:00 ] 127.0.0.1 /thinkphp/admin/index/index
INFO: [ app_init ] --START--
INFO: Run Behavior\BuildLiteBehavior [ RunTime:0.000012s ]
INFO: [ app_init ] --END-- [ RunTime:0.000284s ]
INFO: [ app_begin ] --START--
INFO: Run Behavior\ReadHtmlCacheBehavior [ RunTime:0.000357s ]
INFO: [ app_begin ] --END-- [ RunTime:0.000404s ]
NOTIC: [2] Missing argument 1 for Think\Controller::show(), called in E:\Environment\Apache24\htdocs\thinkphp\Application\Admin\Controller\IndexController.class.php on line 13 and defined E:\Environment\Apache24\htdocs\thinkphp\ThinkPHP\Library\Think\Controller.class.php 第 73 行.
NOTIC: [8] Undefined variable: content E:\Environment\Apache24\htdocs\thinkphp\ThinkPHP\Library\Think\Controller.class.php 第 75 行.
INFO: [ view_parse ] --START--
INFO: [ template_filter ] --START--
INFO: Run Behavior\ContentReplaceBehavior [ RunTime:0.000040s ]
INFO: [ template_filter ] --END-- [ RunTime:0.000082s ]
INFO: Run Behavior\ParseTemplateBehavior [ RunTime:0.005141s ]
INFO: [ view_parse ] --END-- [ RunTime:0.005192s ]
INFO: [ view_filter ] --START--
INFO: Run Behavior\WriteHtmlCacheBehavior [ RunTime:0.000339s ]
INFO: Run Behavior\TokenBuildBehavior [ RunTime:0.000387s ]
INFO: [ view_filter ] --END-- [ RunTime:0.000789s ]
INFO: [ app_end ] --START--
INFO: Run Behavior\ShowPageTraceBehavior [ RunTime:0.000853s ]
INFO: [ app_end ] --END-- [ RunTime:0.000906s ]

[ 2016-04-10T22:28:46+08:00 ] 127.0.0.1 /thinkphp/admin/user/logout
INFO: [ app_init ] --START--
INFO: Run Behavior\BuildLiteBehavior [ RunTime:0.000013s ]
INFO: [ app_init ] --END-- [ RunTime:0.000306s ]
INFO: [ app_begin ] --START--
INFO: Run Behavior\ReadHtmlCacheBehavior [ RunTime:0.000383s ]
INFO: [ app_begin ] --END-- [ RunTime:0.000424s ]
INFO: [ view_parse ] --START--
INFO: [ template_filter ] --START--
INFO: Run Behavior\ContentReplaceBehavior [ RunTime:0.000037s ]
INFO: [ template_filter ] --END-- [ RunTime:0.000082s ]
INFO: Run Behavior\ParseTemplateBehavior [ RunTime:0.004870s ]
INFO: [ view_parse ] --END-- [ RunTime:0.004918s ]
INFO: [ view_filter ] --START--
INFO: Run Behavior\WriteHtmlCacheBehavior [ RunTime:0.000281s ]
INFO: Run Behavior\TokenBuildBehavior [ RunTime:0.000349s ]
INFO: [ view_filter ] --END-- [ RunTime:0.000683s ]

[ 2016-04-10T22:28:49+08:00 ] 127.0.0.1 /thinkphp/index.php/Admin/index/index.html
INFO: [ app_init ] --START--
INFO: Run Behavior\BuildLiteBehavior [ RunTime:0.000014s ]
INFO: [ app_init ] --END-- [ RunTime:0.000318s ]
INFO: [ app_begin ] --START--
INFO: Run Behavior\ReadHtmlCacheBehavior [ RunTime:0.000365s ]
INFO: [ app_begin ] --END-- [ RunTime:0.000407s ]
NOTIC: [2] Missing argument 1 for Think\Controller::show(), called in E:\Environment\Apache24\htdocs\thinkphp\Application\Admin\Controller\IndexController.class.php on line 13 and defined E:\Environment\Apache24\htdocs\thinkphp\ThinkPHP\Library\Think\Controller.class.php 第 73 行.
NOTIC: [8] Undefined variable: content E:\Environment\Apache24\htdocs\thinkphp\ThinkPHP\Library\Think\Controller.class.php 第 75 行.
INFO: [ view_parse ] --START--
INFO: [ template_filter ] --START--
INFO: Run Behavior\ContentReplaceBehavior [ RunTime:0.000042s ]
INFO: [ template_filter ] --END-- [ RunTime:0.000083s ]
INFO: Run Behavior\ParseTemplateBehavior [ RunTime:0.004804s ]
INFO: [ view_parse ] --END-- [ RunTime:0.004863s ]
INFO: [ view_filter ] --START--
INFO: Run Behavior\WriteHtmlCacheBehavior [ RunTime:0.000279s ]
INFO: Run Behavior\TokenBuildBehavior [ RunTime:0.000333s ]
INFO: [ view_filter ] --END-- [ RunTime:0.000667s ]
INFO: [ app_end ] --START--
INFO: Run Behavior\ShowPageTraceBehavior [ RunTime:0.000462s ]
INFO: [ app_end ] --END-- [ RunTime:0.000497s ]

[ 2016-04-10T22:28:50+08:00 ] 127.0.0.1 /thinkphp/index.php/Admin/index/index.html
INFO: [ app_init ] --START--
INFO: Run Behavior\BuildLiteBehavior [ RunTime:0.000011s ]
INFO: [ app_init ] --END-- [ RunTime:0.000279s ]
INFO: [ app_begin ] --START--
INFO: Run Behavior\ReadHtmlCacheBehavior [ RunTime:0.000427s ]
INFO: [ app_begin ] --END-- [ RunTime:0.000479s ]
NOTIC: [2] Missing argument 1 for Think\Controller::show(), called in E:\Environment\Apache24\htdocs\thinkphp\Application\Admin\Controller\IndexController.class.php on line 13 and defined E:\Environment\Apache24\htdocs\thinkphp\ThinkPHP\Library\Think\Controller.class.php 第 73 行.
NOTIC: [8] Undefined variable: content E:\Environment\Apache24\htdocs\thinkphp\ThinkPHP\Library\Think\Controller.class.php 第 75 行.
INFO: [ view_parse ] --START--
INFO: [ template_filter ] --START--
INFO: Run Behavior\ContentReplaceBehavior [ RunTime:0.000043s ]
INFO: [ template_filter ] --END-- [ RunTime:0.000089s ]
INFO: Run Behavior\ParseTemplateBehavior [ RunTime:0.005466s ]
INFO: [ view_parse ] --END-- [ RunTime:0.005520s ]
INFO: [ view_filter ] --START--
INFO: Run Behavior\WriteHtmlCacheBehavior [ RunTime:0.000315s ]
INFO: Run Behavior\TokenBuildBehavior [ RunTime:0.000355s ]
INFO: [ view_filter ] --END-- [ RunTime:0.000726s ]
INFO: [ app_end ] --START--
INFO: Run Behavior\ShowPageTraceBehavior [ RunTime:0.000483s ]
INFO: [ app_end ] --END-- [ RunTime:0.000517s ]

[ 2016-04-10T22:28:51+08:00 ] 127.0.0.1 /thinkphp/admin/user/logout
INFO: [ app_init ] --START--
INFO: Run Behavior\BuildLiteBehavior [ RunTime:0.000014s ]
INFO: [ app_init ] --END-- [ RunTime:0.000325s ]
INFO: [ app_begin ] --START--
INFO: Run Behavior\ReadHtmlCacheBehavior [ RunTime:0.000796s ]
INFO: [ app_begin ] --END-- [ RunTime:0.000901s ]
INFO: [ view_parse ] --START--
INFO: [ template_filter ] --START--
INFO: Run Behavior\ContentReplaceBehavior [ RunTime:0.000039s ]
INFO: [ template_filter ] --END-- [ RunTime:0.000091s ]
INFO: Run Behavior\ParseTemplateBehavior [ RunTime:0.005233s ]
INFO: [ view_parse ] --END-- [ RunTime:0.005315s ]
INFO: [ view_filter ] --START--
INFO: Run Behavior\WriteHtmlCacheBehavior [ RunTime:0.000361s ]
INFO: Run Behavior\TokenBuildBehavior [ RunTime:0.000742s ]
INFO: [ view_filter ] --END-- [ RunTime:0.001280s ]
INFO: [ app_end ] --START--
INFO: Run Behavior\ShowPageTraceBehavior [ RunTime:0.000730s ]
INFO: [ app_end ] --END-- [ RunTime:0.000829s ]

[ 2016-04-10T22:28:52+08:00 ] 127.0.0.1 /thinkphp/admin/user/login
INFO: [ app_init ] --START--
INFO: Run Behavior\BuildLiteBehavior [ RunTime:0.000015s ]
INFO: [ app_init ] --END-- [ RunTime:0.000396s ]
INFO: [ app_begin ] --START--
INFO: Run Behavior\ReadHtmlCacheBehavior [ RunTime:0.000401s ]
INFO: [ app_begin ] --END-- [ RunTime:0.000447s ]
NOTIC: [2] Missing argument 1 for Think\Controller::show(), called in E:\Environment\Apache24\htdocs\thinkphp\Application\Admin\Controller\UserController.class.php on line 32 and defined E:\Environment\Apache24\htdocs\thinkphp\ThinkPHP\Library\Think\Controller.class.php 第 73 行.
NOTIC: [8] Undefined variable: content E:\Environment\Apache24\htdocs\thinkphp\ThinkPHP\Library\Think\Controller.class.php 第 75 行.
INFO: [ view_parse ] --START--
INFO: [ template_filter ] --START--
INFO: Run Behavior\ContentReplaceBehavior [ RunTime:0.000072s ]
INFO: [ template_filter ] --END-- [ RunTime:0.000159s ]
INFO: Run Behavior\ParseTemplateBehavior [ RunTime:0.006965s ]
INFO: [ view_parse ] --END-- [ RunTime:0.007026s ]
INFO: [ view_filter ] --START--
INFO: Run Behavior\WriteHtmlCacheBehavior [ RunTime:0.000338s ]
INFO: Run Behavior\TokenBuildBehavior [ RunTime:0.000458s ]
INFO: [ view_filter ] --END-- [ RunTime:0.000864s ]
INFO: [ app_end ] --START--
INFO: Run Behavior\ShowPageTraceBehavior [ RunTime:0.000537s ]
INFO: [ app_end ] --END-- [ RunTime:0.000577s ]

[ 2016-04-10T22:28:54+08:00 ] 127.0.0.1 /thinkphp/admin/video/editVideo?id=5
INFO: [ app_init ] --START--
INFO: Run Behavior\BuildLiteBehavior [ RunTime:0.000014s ]
INFO: [ app_init ] --END-- [ RunTime:0.000329s ]
INFO: [ app_begin ] --START--
INFO: Run Behavior\ReadHtmlCacheBehavior [ RunTime:0.000416s ]
INFO: [ app_begin ] --END-- [ RunTime:0.000465s ]
INFO: [ app_end ] --START--
INFO: Run Behavior\ShowPageTraceBehavior [ RunTime:0.000760s ]
INFO: [ app_end ] --END-- [ RunTime:0.000827s ]

[ 2016-04-10T22:30:04+08:00 ] 127.0.0.1 /thinkphp/admin/video/editVideo?id=5
INFO: [ app_init ] --START--
INFO: Run Behavior\BuildLiteBehavior [ RunTime:0.000013s ]
INFO: [ app_init ] --END-- [ RunTime:0.000331s ]
INFO: [ app_begin ] --START--
INFO: Run Behavior\ReadHtmlCacheBehavior [ RunTime:0.000635s ]
INFO: [ app_begin ] --END-- [ RunTime:0.000705s ]
INFO: [ view_parse ] --START--
INFO: [ template_filter ] --START--
INFO: Run Behavior\ContentReplaceBehavior [ RunTime:0.000045s ]
INFO: [ template_filter ] --END-- [ RunTime:0.000100s ]
INFO: Run Behavior\ParseTemplateBehavior [ RunTime:0.007848s ]
INFO: [ view_parse ] --END-- [ RunTime:0.007947s ]
INFO: [ view_filter ] --START--
INFO: Run Behavior\WriteHtmlCacheBehavior [ RunTime:0.000796s ]
INFO: Run Behavior\TokenBuildBehavior [ RunTime:0.000815s ]
INFO: [ view_filter ] --END-- [ RunTime:0.001745s ]

[ 2016-04-10T22:30:07+08:00 ] 127.0.0.1 /thinkphp/index.php/Admin/user/login.html
INFO: [ app_init ] --START--
INFO: Run Behavior\BuildLiteBehavior [ RunTime:0.000012s ]
INFO: [ app_init ] --END-- [ RunTime:0.000279s ]
INFO: [ app_begin ] --START--
INFO: Run Behavior\ReadHtmlCacheBehavior [ RunTime:0.000358s ]
INFO: [ app_begin ] --END-- [ RunTime:0.000401s ]
NOTIC: [2] Missing argument 1 for Think\Controller::show(), called in E:\Environment\Apache24\htdocs\thinkphp\Application\Admin\Controller\UserController.class.php on line 32 and defined E:\Environment\Apache24\htdocs\thinkphp\ThinkPHP\Library\Think\Controller.class.php 第 73 行.
NOTIC: [8] Undefined variable: content E:\Environment\Apache24\htdocs\thinkphp\ThinkPHP\Library\Think\Controller.class.php 第 75 行.
INFO: [ view_parse ] --START--
INFO: [ template_filter ] --START--
INFO: Run Behavior\ContentReplaceBehavior [ RunTime:0.000038s ]
INFO: [ template_filter ] --END-- [ RunTime:0.000087s ]
INFO: Run Behavior\ParseTemplateBehavior [ RunTime:0.004897s ]
INFO: [ view_parse ] --END-- [ RunTime:0.004944s ]
INFO: [ view_filter ] --START--
INFO: Run Behavior\WriteHtmlCacheBehavior [ RunTime:0.000280s ]
INFO: Run Behavior\TokenBuildBehavior [ RunTime:0.000352s ]
INFO: [ view_filter ] --END-- [ RunTime:0.000693s ]
INFO: [ app_end ] --START--
INFO: Run Behavior\ShowPageTraceBehavior [ RunTime:0.000797s ]
INFO: [ app_end ] --END-- [ RunTime:0.000864s ]

[ 2016-04-10T22:30:54+08:00 ] 127.0.0.1 /thinkphp/index.php/admin/index/ind
ERR: 非法操作:ind

[ 2016-04-10T22:31:16+08:00 ] 127.0.0.1 /thinkphp/index.php/admin/inded
ERR: 无法加载控制器:Inded

[ 2016-04-10T22:36:17+08:00 ] 127.0.0.1 /thinkphp/index.php/admin/user/login.html
INFO: [ app_init ] --START--
INFO: Run Behavior\BuildLiteBehavior [ RunTime:0.000023s ]
INFO: [ app_init ] --END-- [ RunTime:0.000620s ]
INFO: [ app_begin ] --START--
INFO: Run Behavior\ReadHtmlCacheBehavior [ RunTime:0.000722s ]
INFO: [ app_begin ] --END-- [ RunTime:0.000821s ]
INFO: [ view_parse ] --START--
INFO: [ template_filter ] --START--
INFO: Run Behavior\ContentReplaceBehavior [ RunTime:0.000069s ]
INFO: [ template_filter ] --END-- [ RunTime:0.000152s ]
INFO: Run Behavior\ParseTemplateBehavior [ RunTime:0.017067s ]
INFO: [ view_parse ] --END-- [ RunTime:0.017185s ]
INFO: [ view_filter ] --START--
INFO: Run Behavior\WriteHtmlCacheBehavior [ RunTime:0.000881s ]
INFO: Run Behavior\TokenBuildBehavior [ RunTime:0.000806s ]
INFO: [ view_filter ] --END-- [ RunTime:0.001837s ]

[ 2016-04-10T22:36:17+08:00 ] 127.0.0.1 /thinkphp/index.php/admin/user/login.html
INFO: [ app_init ] --START--
INFO: Run Behavior\BuildLiteBehavior [ RunTime:0.000011s ]
INFO: [ app_init ] --END-- [ RunTime:0.000318s ]
INFO: [ app_begin ] --START--
INFO: Run Behavior\ReadHtmlCacheBehavior [ RunTime:0.000366s ]
INFO: [ app_begin ] --END-- [ RunTime:0.000410s ]
INFO: [ view_parse ] --START--
INFO: [ template_filter ] --START--
INFO: Run Behavior\ContentReplaceBehavior [ RunTime:0.000033s ]
INFO: [ template_filter ] --END-- [ RunTime:0.000073s ]
INFO: Run Behavior\ParseTemplateBehavior [ RunTime:0.004663s ]
INFO: [ view_parse ] --END-- [ RunTime:0.004717s ]
INFO: [ view_filter ] --START--
INFO: Run Behavior\WriteHtmlCacheBehavior [ RunTime:0.000276s ]
INFO: Run Behavior\TokenBuildBehavior [ RunTime:0.000384s ]
INFO: [ view_filter ] --END-- [ RunTime:0.000724s ]

[ 2016-04-10T22:36:21+08:00 ] 127.0.0.1 /thinkphp/index.php/Admin/index/index.html
INFO: [ app_init ] --START--
INFO: Run Behavior\BuildLiteBehavior [ RunTime:0.000023s ]
INFO: [ app_init ] --END-- [ RunTime:0.000523s ]
INFO: [ app_begin ] --START--
INFO: Run Behavior\ReadHtmlCacheBehavior [ RunTime:0.000713s ]
INFO: [ app_begin ] --END-- [ RunTime:0.000810s ]
NOTIC: [2] Missing argument 1 for Think\Controller::show(), called in E:\Environment\Apache24\htdocs\thinkphp\Application\Admin\Controller\IndexController.class.php on line 13 and defined E:\Environment\Apache24\htdocs\thinkphp\ThinkPHP\Library\Think\Controller.class.php 第 73 行.
NOTIC: [8] Undefined variable: content E:\Environment\Apache24\htdocs\thinkphp\ThinkPHP\Library\Think\Controller.class.php 第 75 行.
INFO: [ view_parse ] --START--
INFO: [ template_filter ] --START--
INFO: Run Behavior\ContentReplaceBehavior [ RunTime:0.000084s ]
INFO: [ template_filter ] --END-- [ RunTime:0.000172s ]
INFO: Run Behavior\ParseTemplateBehavior [ RunTime:0.017807s ]
INFO: [ view_parse ] --END-- [ RunTime:0.017897s ]
INFO: [ view_filter ] --START--
INFO: Run Behavior\WriteHtmlCacheBehavior [ RunTime:0.000333s ]
INFO: Run Behavior\TokenBuildBehavior [ RunTime:0.000382s ]
INFO: [ view_filter ] --END-- [ RunTime:0.000781s ]
INFO: [ app_end ] --START--
INFO: Run Behavior\ShowPageTraceBehavior [ RunTime:0.001009s ]
INFO: [ app_end ] --END-- [ RunTime:0.001062s ]

