[ 2016-04-27T15:39:49+08:00 ] 127.0.0.1 /thinkphp/index.php/Home/Article/like
INFO: [ app_init ] --START--
INFO: Run Behavior\BuildLiteBehavior [ RunTime:0.000018s ]
INFO: [ app_init ] --END-- [ RunTime:0.000453s ]
INFO: [ app_begin ] --START--
INFO: Run Behavior\ReadHtmlCacheBehavior [ RunTime:0.000743s ]
INFO: [ app_begin ] --END-- [ RunTime:0.000824s ]
SQL: SHOW COLUMNS FROM `think_tags` [ RunTime:0.0006s ]
SQL: SELECT `tagname`,count(tagid) as num FROM think_tags as t left join think_article as a on a.tagid = t.id  GROUP BY t.id  [ RunTime:0.0004s ]
SQL: SHOW COLUMNS FROM `think_article` [ RunTime:0.0006s ]
SQL: SELECT COUNT(*) AS tp_count FROM `think_article` LIMIT 1   [ RunTime:0.0002s ]
SQL: SHOW COLUMNS FROM `think_like` [ RunTime:0.0006s ]
SQL: SELECT COUNT(*) AS tp_count FROM `think_like` WHERE `uid` = 10 AND `aid` = 6 LIMIT 1   [ RunTime:0.0005s ]
SQL: SELECT `likes` FROM `think_article` WHERE `id` = 6  [ RunTime:0.0006s ]

[ 2016-04-27T15:39:49+08:00 ] 127.0.0.1 /thinkphp/index.php/Home/Article/like
INFO: [ app_init ] --START--
INFO: Run Behavior\BuildLiteBehavior [ RunTime:0.000022s ]
INFO: [ app_init ] --END-- [ RunTime:0.000503s ]
INFO: [ app_begin ] --START--
INFO: Run Behavior\ReadHtmlCacheBehavior [ RunTime:0.000654s ]
INFO: [ app_begin ] --END-- [ RunTime:0.000740s ]
SQL: SHOW COLUMNS FROM `think_tags` [ RunTime:0.0007s ]
SQL: SELECT `tagname`,count(tagid) as num FROM think_tags as t left join think_article as a on a.tagid = t.id  GROUP BY t.id  [ RunTime:0.0004s ]
SQL: SHOW COLUMNS FROM `think_article` [ RunTime:0.0009s ]
SQL: SELECT COUNT(*) AS tp_count FROM `think_article` LIMIT 1   [ RunTime:0.0004s ]
SQL: SHOW COLUMNS FROM `think_like` [ RunTime:0.0011s ]
SQL: SELECT COUNT(*) AS tp_count FROM `think_like` WHERE `uid` = 10 AND `aid` = 3 LIMIT 1   [ RunTime:0.0011s ]
SQL: SELECT `likes` FROM `think_article` WHERE `id` = 3  [ RunTime:0.0008s ]

[ 2016-04-27T15:39:49+08:00 ] 127.0.0.1 /thinkphp/index.php/Home/Article/like
INFO: [ app_init ] --START--
INFO: Run Behavior\BuildLiteBehavior [ RunTime:0.000022s ]
INFO: [ app_init ] --END-- [ RunTime:0.000523s ]
INFO: [ app_begin ] --START--
INFO: Run Behavior\ReadHtmlCacheBehavior [ RunTime:0.000638s ]
INFO: [ app_begin ] --END-- [ RunTime:0.000723s ]
SQL: SHOW COLUMNS FROM `think_tags` [ RunTime:0.0010s ]
SQL: SELECT `tagname`,count(tagid) as num FROM think_tags as t left join think_article as a on a.tagid = t.id  GROUP BY t.id  [ RunTime:0.0008s ]
SQL: SHOW COLUMNS FROM `think_article` [ RunTime:0.0011s ]
SQL: SELECT COUNT(*) AS tp_count FROM `think_article` LIMIT 1   [ RunTime:0.0005s ]
SQL: SHOW COLUMNS FROM `think_like` [ RunTime:0.0011s ]
SQL: SELECT COUNT(*) AS tp_count FROM `think_like` WHERE `uid` = 10 AND `aid` = 8 LIMIT 1   [ RunTime:0.0003s ]
SQL: SELECT `likes` FROM `think_article` WHERE `id` = 8  [ RunTime:0.0002s ]

[ 2016-04-27T15:39:49+08:00 ] 127.0.0.1 /thinkphp/index.php/Home/Article/like
INFO: [ app_init ] --START--
INFO: Run Behavior\BuildLiteBehavior [ RunTime:0.000020s ]
INFO: [ app_init ] --END-- [ RunTime:0.000537s ]
INFO: [ app_begin ] --START--
INFO: Run Behavior\ReadHtmlCacheBehavior [ RunTime:0.000675s ]
INFO: [ app_begin ] --END-- [ RunTime:0.000754s ]
SQL: SHOW COLUMNS FROM `think_tags` [ RunTime:0.0007s ]
SQL: SELECT `tagname`,count(tagid) as num FROM think_tags as t left join think_article as a on a.tagid = t.id  GROUP BY t.id  [ RunTime:0.0005s ]
SQL: SHOW COLUMNS FROM `think_article` [ RunTime:0.0008s ]
SQL: SELECT COUNT(*) AS tp_count FROM `think_article` LIMIT 1   [ RunTime:0.0002s ]
SQL: SHOW COLUMNS FROM `think_like` [ RunTime:0.0005s ]
SQL: SELECT COUNT(*) AS tp_count FROM `think_like` WHERE `uid` = 10 AND `aid` = 5 LIMIT 1   [ RunTime:0.0004s ]
SQL: SELECT `likes` FROM `think_article` WHERE `id` = 5  [ RunTime:0.0002s ]

[ 2016-04-27T15:39:49+08:00 ] 127.0.0.1 /thinkphp/index.php/Home/Article/like
INFO: [ app_init ] --START--
INFO: Run Behavior\BuildLiteBehavior [ RunTime:0.000028s ]
INFO: [ app_init ] --END-- [ RunTime:0.000944s ]
INFO: [ app_begin ] --START--
INFO: Run Behavior\ReadHtmlCacheBehavior [ RunTime:0.000834s ]
INFO: [ app_begin ] --END-- [ RunTime:0.000918s ]
SQL: SHOW COLUMNS FROM `think_tags` [ RunTime:0.0011s ]
SQL: SELECT `tagname`,count(tagid) as num FROM think_tags as t left join think_article as a on a.tagid = t.id  GROUP BY t.id  [ RunTime:0.0003s ]
SQL: SHOW COLUMNS FROM `think_article` [ RunTime:0.0005s ]
SQL: SELECT COUNT(*) AS tp_count FROM `think_article` LIMIT 1   [ RunTime:0.0002s ]
SQL: SHOW COLUMNS FROM `think_like` [ RunTime:0.0005s ]
SQL: SELECT COUNT(*) AS tp_count FROM `think_like` WHERE `uid` = 10 AND `aid` = 4 LIMIT 1   [ RunTime:0.0004s ]
SQL: SELECT `likes` FROM `think_article` WHERE `id` = 4  [ RunTime:0.0002s ]

[ 2016-04-27T15:41:32+08:00 ] 127.0.0.1 /thinkphp/
INFO: [ app_init ] --START--
INFO: Run Behavior\BuildLiteBehavior [ RunTime:0.000014s ]
INFO: [ app_init ] --END-- [ RunTime:0.000357s ]
INFO: [ app_begin ] --START--
INFO: Run Behavior\ReadHtmlCacheBehavior [ RunTime:0.000486s ]
INFO: [ app_begin ] --END-- [ RunTime:0.000529s ]
SQL: SHOW COLUMNS FROM `think_article` [ RunTime:0.0008s ]
SQL: SELECT think_article.id as id,`title`,`summary`,`tagname`,`hits` FROM `think_article` INNER JOIN think_tags on think_article.tagid = think_tags.id  LIMIT 0,9   [ RunTime:0.0004s ]
SQL: SELECT COUNT(*) AS tp_count FROM `think_article` LIMIT 1   [ RunTime:0.0002s ]
SQL: SHOW COLUMNS FROM `think_tags` [ RunTime:0.0006s ]
SQL: SELECT `tagname`,count(tagid) as num FROM think_tags as t left join think_article as a on a.tagid = t.id  GROUP BY t.id  [ RunTime:0.0003s ]
SQL: SELECT COUNT(*) AS tp_count FROM `think_article` LIMIT 1   [ RunTime:0.0002s ]
NOTIC: [2] Missing argument 1 for Think\Controller::show(), called in E:\Environment\Apache24\htdocs\thinkphp\Application\Home\Controller\IndexController.class.php on line 30 and defined E:\Environment\Apache24\htdocs\thinkphp\ThinkPHP\Library\Think\Controller.class.php 第 73 行.
NOTIC: [8] Undefined variable: content E:\Environment\Apache24\htdocs\thinkphp\ThinkPHP\Library\Think\Controller.class.php 第 75 行.
INFO: [ view_parse ] --START--
INFO: [ template_filter ] --START--
INFO: Run Behavior\ContentReplaceBehavior [ RunTime:0.000080s ]
INFO: [ template_filter ] --END-- [ RunTime:0.000126s ]
INFO: Run Behavior\ParseTemplateBehavior [ RunTime:0.036298s ]
INFO: [ view_parse ] --END-- [ RunTime:0.036368s ]
INFO: [ view_filter ] --START--
INFO: Run Behavior\WriteHtmlCacheBehavior [ RunTime:0.000358s ]
INFO: Run Behavior\TokenBuildBehavior [ RunTime:0.000460s ]
INFO: [ view_filter ] --END-- [ RunTime:0.000901s ]
INFO: [ app_end ] --START--
INFO: Run Behavior\ShowPageTraceBehavior [ RunTime:0.001152s ]
INFO: [ app_end ] --END-- [ RunTime:0.001254s ]

[ 2016-04-27T15:41:34+08:00 ] 127.0.0.1 /thinkphp/index.php/Home/article/details?artid=6
INFO: [ app_init ] --START--
INFO: Run Behavior\BuildLiteBehavior [ RunTime:0.000017s ]
INFO: [ app_init ] --END-- [ RunTime:0.000450s ]
INFO: [ app_begin ] --START--
INFO: Run Behavior\ReadHtmlCacheBehavior [ RunTime:0.001233s ]
INFO: [ app_begin ] --END-- [ RunTime:0.001371s ]
SQL: SHOW COLUMNS FROM `think_tags` [ RunTime:0.0007s ]
SQL: SELECT `tagname`,count(tagid) as num FROM think_tags as t left join think_article as a on a.tagid = t.id  GROUP BY t.id  [ RunTime:0.0004s ]
SQL: SHOW COLUMNS FROM `think_article` [ RunTime:0.0007s ]
SQL: SELECT COUNT(*) AS tp_count FROM `think_article` LIMIT 1   [ RunTime:0.0002s ]
SQL: SELECT COUNT(*) AS tp_count FROM `think_article` LIMIT 1   [ RunTime:0.0002s ]
SQL: UPDATE `think_article` SET `hits`=hits+1 WHERE ( id=6 ) [ RunTime:0.0687s ]
SQL: SELECT u.id as uid,`title`,`hits`,`publish`,`username`,`tagname`,`summary`,`content` FROM `think_article` INNER JOIN think_user as u on think_article.uid = u.id INNER JOIN think_tags as t on think_article.tagid = t.id  WHERE think_article.id = 6  [ RunTime:0.0008s ]
SQL: SELECT `id` FROM `think_article` WHERE ( id >6 ) LIMIT 1   [ RunTime:0.0003s ]
SQL: SELECT `id` FROM `think_article` WHERE ( id <6 ) ORDER BY id desc LIMIT 1   [ RunTime:0.0003s ]
NOTIC: [2] Missing argument 1 for Think\Controller::show(), called in E:\Environment\Apache24\htdocs\thinkphp\Application\Home\Controller\ArticleController.class.php on line 81 and defined E:\Environment\Apache24\htdocs\thinkphp\ThinkPHP\Library\Think\Controller.class.php 第 73 行.
NOTIC: [8] Undefined variable: content E:\Environment\Apache24\htdocs\thinkphp\ThinkPHP\Library\Think\Controller.class.php 第 75 行.
INFO: [ view_parse ] --START--
INFO: [ template_filter ] --START--
INFO: Run Behavior\ContentReplaceBehavior [ RunTime:0.000107s ]
INFO: [ template_filter ] --END-- [ RunTime:0.000157s ]
INFO: Run Behavior\ParseTemplateBehavior [ RunTime:0.031578s ]
INFO: [ view_parse ] --END-- [ RunTime:0.031633s ]
INFO: [ view_filter ] --START--
INFO: Run Behavior\WriteHtmlCacheBehavior [ RunTime:0.000296s ]
INFO: Run Behavior\TokenBuildBehavior [ RunTime:0.000346s ]
INFO: [ view_filter ] --END-- [ RunTime:0.000698s ]
INFO: [ app_end ] --START--
INFO: Run Behavior\ShowPageTraceBehavior [ RunTime:0.000772s ]
INFO: [ app_end ] --END-- [ RunTime:0.000839s ]

[ 2016-04-27T15:41:34+08:00 ] 127.0.0.1 /thinkphp/index.php/Home/Article/like
INFO: [ app_init ] --START--
INFO: Run Behavior\BuildLiteBehavior [ RunTime:0.000020s ]
INFO: [ app_init ] --END-- [ RunTime:0.000609s ]
INFO: [ app_begin ] --START--
INFO: Run Behavior\ReadHtmlCacheBehavior [ RunTime:0.000836s ]
INFO: [ app_begin ] --END-- [ RunTime:0.000926s ]
SQL: SHOW COLUMNS FROM `think_tags` [ RunTime:0.0006s ]
SQL: SELECT `tagname`,count(tagid) as num FROM think_tags as t left join think_article as a on a.tagid = t.id  GROUP BY t.id  [ RunTime:0.0005s ]
SQL: SHOW COLUMNS FROM `think_article` [ RunTime:0.0015s ]
SQL: SELECT COUNT(*) AS tp_count FROM `think_article` LIMIT 1   [ RunTime:0.0003s ]
SQL: SHOW COLUMNS FROM `think_like` [ RunTime:0.0007s ]
SQL: SELECT COUNT(*) AS tp_count FROM `think_like` WHERE `uid` = 10 AND `aid` = 6 LIMIT 1   [ RunTime:0.0004s ]
SQL: SELECT `likes` FROM `think_article` WHERE `id` = 6  [ RunTime:0.0002s ]

[ 2016-04-27T15:41:36+08:00 ] 127.0.0.1 /thinkphp/index.php/Home/Article/like
INFO: [ app_init ] --START--
INFO: Run Behavior\BuildLiteBehavior [ RunTime:0.000017s ]
INFO: [ app_init ] --END-- [ RunTime:0.000470s ]
INFO: [ app_begin ] --START--
INFO: Run Behavior\ReadHtmlCacheBehavior [ RunTime:0.000793s ]
INFO: [ app_begin ] --END-- [ RunTime:0.000855s ]
SQL: SHOW COLUMNS FROM `think_tags` [ RunTime:0.0006s ]
SQL: SELECT `tagname`,count(tagid) as num FROM think_tags as t left join think_article as a on a.tagid = t.id  GROUP BY t.id  [ RunTime:0.0004s ]
SQL: SHOW COLUMNS FROM `think_article` [ RunTime:0.0005s ]
SQL: SELECT COUNT(*) AS tp_count FROM `think_article` LIMIT 1   [ RunTime:0.0002s ]
SQL: SHOW COLUMNS FROM `think_like` [ RunTime:0.0004s ]
SQL: SELECT COUNT(*) AS tp_count FROM `think_like` WHERE `uid` = 10 AND `aid` = 6 LIMIT 1   [ RunTime:0.0003s ]
SQL: DELETE FROM `think_like` WHERE `uid` = 10 AND `aid` = 6 [ RunTime:0.0231s ]
SQL: UPDATE `think_article` SET `likes`=likes-1 WHERE `id` = 6 [ RunTime:0.1260s ]
INFO: [ app_end ] --START--
INFO: Run Behavior\ShowPageTraceBehavior [ RunTime:0.000739s ]
INFO: [ app_end ] --END-- [ RunTime:0.000784s ]

[ 2016-04-27T15:41:36+08:00 ] 127.0.0.1 /thinkphp/index.php/Home/Article/like
INFO: [ app_init ] --START--
INFO: Run Behavior\BuildLiteBehavior [ RunTime:0.000012s ]
INFO: [ app_init ] --END-- [ RunTime:0.000309s ]
INFO: [ app_begin ] --START--
INFO: Run Behavior\ReadHtmlCacheBehavior [ RunTime:0.000474s ]
INFO: [ app_begin ] --END-- [ RunTime:0.000519s ]
SQL: SHOW COLUMNS FROM `think_tags` [ RunTime:0.0007s ]
SQL: SELECT `tagname`,count(tagid) as num FROM think_tags as t left join think_article as a on a.tagid = t.id  GROUP BY t.id  [ RunTime:0.0004s ]
SQL: SHOW COLUMNS FROM `think_article` [ RunTime:0.0006s ]
SQL: SELECT COUNT(*) AS tp_count FROM `think_article` LIMIT 1   [ RunTime:0.0003s ]
SQL: SHOW COLUMNS FROM `think_like` [ RunTime:0.0006s ]
SQL: SELECT COUNT(*) AS tp_count FROM `think_like` WHERE `uid` = 10 AND `aid` = 6 LIMIT 1   [ RunTime:0.0004s ]
SQL: INSERT INTO `think_like` (`uid`,`aid`) VALUES ('10','6') [ RunTime:0.0532s ]
SQL: UPDATE `think_article` SET `likes`=likes+1 WHERE `id` = 6 [ RunTime:0.0667s ]
INFO: [ app_end ] --START--
INFO: Run Behavior\ShowPageTraceBehavior [ RunTime:0.001658s ]
INFO: [ app_end ] --END-- [ RunTime:0.001770s ]

[ 2016-04-27T15:42:49+08:00 ] 127.0.0.1 /thinkphp/
INFO: [ app_init ] --START--
INFO: Run Behavior\BuildLiteBehavior [ RunTime:0.000010s ]
INFO: [ app_init ] --END-- [ RunTime:0.000336s ]
INFO: [ app_begin ] --START--
INFO: Run Behavior\ReadHtmlCacheBehavior [ RunTime:0.000557s ]
INFO: [ app_begin ] --END-- [ RunTime:0.000605s ]
SQL: SHOW COLUMNS FROM `think_article` [ RunTime:0.0098s ]
SQL: SELECT think_article.id as id,`title`,`summary`,`tagname`,`hits` FROM `think_article` INNER JOIN think_tags on think_article.tagid = think_tags.id  LIMIT 0,9   [ RunTime:0.0229s ]
SQL: SELECT COUNT(*) AS tp_count FROM `think_article` LIMIT 1   [ RunTime:0.0003s ]
SQL: SHOW COLUMNS FROM `think_tags` [ RunTime:0.0007s ]
SQL: SELECT `tagname`,count(tagid) as num FROM think_tags as t left join think_article as a on a.tagid = t.id  GROUP BY t.id  [ RunTime:0.0004s ]
SQL: SELECT COUNT(*) AS tp_count FROM `think_article` LIMIT 1   [ RunTime:0.0002s ]
NOTIC: [2] Missing argument 1 for Think\Controller::show(), called in E:\Environment\Apache24\htdocs\thinkphp\Application\Home\Controller\IndexController.class.php on line 30 and defined E:\Environment\Apache24\htdocs\thinkphp\ThinkPHP\Library\Think\Controller.class.php 第 73 行.
NOTIC: [8] Undefined variable: content E:\Environment\Apache24\htdocs\thinkphp\ThinkPHP\Library\Think\Controller.class.php 第 75 行.
INFO: [ view_parse ] --START--
INFO: [ template_filter ] --START--
INFO: Run Behavior\ContentReplaceBehavior [ RunTime:0.000099s ]
INFO: [ template_filter ] --END-- [ RunTime:0.000160s ]
INFO: Run Behavior\ParseTemplateBehavior [ RunTime:0.009077s ]
INFO: [ view_parse ] --END-- [ RunTime:0.009129s ]
INFO: [ view_filter ] --START--
INFO: Run Behavior\WriteHtmlCacheBehavior [ RunTime:0.000336s ]
INFO: Run Behavior\TokenBuildBehavior [ RunTime:0.000346s ]
INFO: [ view_filter ] --END-- [ RunTime:0.000745s ]
INFO: [ app_end ] --START--
INFO: Run Behavior\ShowPageTraceBehavior [ RunTime:0.000699s ]
INFO: [ app_end ] --END-- [ RunTime:0.000754s ]

[ 2016-04-27T15:42:53+08:00 ] 127.0.0.1 /thinkphp/index.php/Home/user/logout
INFO: [ app_init ] --START--
INFO: Run Behavior\BuildLiteBehavior [ RunTime:0.000015s ]
INFO: [ app_init ] --END-- [ RunTime:0.000382s ]
INFO: [ app_begin ] --START--
INFO: Run Behavior\ReadHtmlCacheBehavior [ RunTime:0.000482s ]
INFO: [ app_begin ] --END-- [ RunTime:0.000525s ]
INFO: [ view_parse ] --START--
INFO: [ template_filter ] --START--
INFO: Run Behavior\ContentReplaceBehavior [ RunTime:0.000063s ]
INFO: [ template_filter ] --END-- [ RunTime:0.000145s ]
INFO: Run Behavior\ParseTemplateBehavior [ RunTime:0.020026s ]
INFO: [ view_parse ] --END-- [ RunTime:0.020085s ]
INFO: [ view_filter ] --START--
INFO: Run Behavior\WriteHtmlCacheBehavior [ RunTime:0.000328s ]
INFO: Run Behavior\TokenBuildBehavior [ RunTime:0.000372s ]
INFO: [ view_filter ] --END-- [ RunTime:0.000761s ]
INFO: [ app_end ] --START--
INFO: Run Behavior\ShowPageTraceBehavior [ RunTime:0.000516s ]
INFO: [ app_end ] --END-- [ RunTime:0.000555s ]

[ 2016-04-27T15:42:55+08:00 ] 127.0.0.1 /thinkphp/index.php/Home/user/login
INFO: [ app_init ] --START--
INFO: Run Behavior\BuildLiteBehavior [ RunTime:0.000035s ]
INFO: [ app_init ] --END-- [ RunTime:0.001033s ]
INFO: [ app_begin ] --START--
INFO: Run Behavior\ReadHtmlCacheBehavior [ RunTime:0.001807s ]
INFO: [ app_begin ] --END-- [ RunTime:0.001983s ]
INFO: [ view_parse ] --START--
INFO: [ template_filter ] --START--
INFO: Run Behavior\ContentReplaceBehavior [ RunTime:0.000321s ]
INFO: [ template_filter ] --END-- [ RunTime:0.000465s ]
INFO: Run Behavior\ParseTemplateBehavior [ RunTime:0.082379s ]
INFO: [ view_parse ] --END-- [ RunTime:0.082550s ]
INFO: [ view_filter ] --START--
INFO: Run Behavior\WriteHtmlCacheBehavior [ RunTime:0.001017s ]
INFO: Run Behavior\TokenBuildBehavior [ RunTime:0.001128s ]
INFO: [ view_filter ] --END-- [ RunTime:0.002343s ]
INFO: [ app_end ] --START--
INFO: Run Behavior\ShowPageTraceBehavior [ RunTime:0.002840s ]
INFO: [ app_end ] --END-- [ RunTime:0.003048s ]

[ 2016-04-27T15:42:55+08:00 ] 127.0.0.1 /thinkphp/index.php/Home/user/captche
INFO: [ app_init ] --START--
INFO: Run Behavior\BuildLiteBehavior [ RunTime:0.000014s ]
INFO: [ app_init ] --END-- [ RunTime:0.000404s ]
INFO: [ app_begin ] --START--
INFO: Run Behavior\ReadHtmlCacheBehavior [ RunTime:0.000557s ]
INFO: [ app_begin ] --END-- [ RunTime:0.000610s ]
INFO: [ app_end ] --START--
INFO: Run Behavior\ShowPageTraceBehavior [ RunTime:0.000929s ]
INFO: [ app_end ] --END-- [ RunTime:0.001014s ]

[ 2016-04-27T15:43:09+08:00 ] 127.0.0.1 /thinkphp/index.php/Home/user/login
INFO: [ app_init ] --START--
INFO: Run Behavior\BuildLiteBehavior [ RunTime:0.000013s ]
INFO: [ app_init ] --END-- [ RunTime:0.000345s ]
INFO: [ app_begin ] --START--
INFO: Run Behavior\ReadHtmlCacheBehavior [ RunTime:0.000507s ]
INFO: [ app_begin ] --END-- [ RunTime:0.000552s ]
SQL: SHOW COLUMNS FROM `think_user` [ RunTime:0.0218s ]
SQL: SELECT * FROM `think_user` WHERE `email` = '674310383@qq.com' AND `password` = 'd2e1c7eb791f4bacbaa4ad19fa08da27'  [ RunTime:0.0005s ]
SQL: SELECT `username`,`id` FROM `think_user` WHERE `email` = '674310383@qq.com' AND `password` = 'd2e1c7eb791f4bacbaa4ad19fa08da27'  [ RunTime:0.0003s ]
INFO: [ view_parse ] --START--
INFO: [ template_filter ] --START--
INFO: Run Behavior\ContentReplaceBehavior [ RunTime:0.000039s ]
INFO: [ template_filter ] --END-- [ RunTime:0.000086s ]
INFO: Run Behavior\ParseTemplateBehavior [ RunTime:0.005872s ]
INFO: [ view_parse ] --END-- [ RunTime:0.005943s ]
INFO: [ view_filter ] --START--
INFO: Run Behavior\WriteHtmlCacheBehavior [ RunTime:0.000412s ]
INFO: Run Behavior\TokenBuildBehavior [ RunTime:0.000664s ]
INFO: [ view_filter ] --END-- [ RunTime:0.001185s ]
INFO: [ app_end ] --START--
INFO: Run Behavior\ShowPageTraceBehavior [ RunTime:0.000518s ]
INFO: [ app_end ] --END-- [ RunTime:0.000558s ]

[ 2016-04-27T15:43:10+08:00 ] 127.0.0.1 /thinkphp/index.php/Home/index/index.html
INFO: [ app_init ] --START--
INFO: Run Behavior\BuildLiteBehavior [ RunTime:0.000022s ]
INFO: [ app_init ] --END-- [ RunTime:0.000650s ]
INFO: [ app_begin ] --START--
INFO: Run Behavior\ReadHtmlCacheBehavior [ RunTime:0.001031s ]
INFO: [ app_begin ] --END-- [ RunTime:0.001126s ]
SQL: SHOW COLUMNS FROM `think_article` [ RunTime:0.0027s ]
SQL: SELECT think_article.id as id,`title`,`summary`,`tagname`,`hits` FROM `think_article` INNER JOIN think_tags on think_article.tagid = think_tags.id  LIMIT 0,9   [ RunTime:0.0018s ]
SQL: SELECT COUNT(*) AS tp_count FROM `think_article` LIMIT 1   [ RunTime:0.0004s ]
SQL: SHOW COLUMNS FROM `think_tags` [ RunTime:0.0009s ]
SQL: SELECT `tagname`,count(tagid) as num FROM think_tags as t left join think_article as a on a.tagid = t.id  GROUP BY t.id  [ RunTime:0.0005s ]
SQL: SELECT COUNT(*) AS tp_count FROM `think_article` LIMIT 1   [ RunTime:0.0004s ]
NOTIC: [2] Missing argument 1 for Think\Controller::show(), called in E:\Environment\Apache24\htdocs\thinkphp\Application\Home\Controller\IndexController.class.php on line 30 and defined E:\Environment\Apache24\htdocs\thinkphp\ThinkPHP\Library\Think\Controller.class.php 第 73 行.
NOTIC: [8] Undefined variable: content E:\Environment\Apache24\htdocs\thinkphp\ThinkPHP\Library\Think\Controller.class.php 第 75 行.
INFO: [ view_parse ] --START--
INFO: [ template_filter ] --START--
INFO: Run Behavior\ContentReplaceBehavior [ RunTime:0.000166s ]
INFO: [ template_filter ] --END-- [ RunTime:0.000256s ]
INFO: Run Behavior\ParseTemplateBehavior [ RunTime:0.018328s ]
INFO: [ view_parse ] --END-- [ RunTime:0.018420s ]
INFO: [ view_filter ] --START--
INFO: Run Behavior\WriteHtmlCacheBehavior [ RunTime:0.000569s ]
INFO: Run Behavior\TokenBuildBehavior [ RunTime:0.000678s ]
INFO: [ view_filter ] --END-- [ RunTime:0.001357s ]
INFO: [ app_end ] --START--
INFO: Run Behavior\ShowPageTraceBehavior [ RunTime:0.002266s ]
INFO: [ app_end ] --END-- [ RunTime:0.002420s ]

[ 2016-04-27T15:43:12+08:00 ] 127.0.0.1 /thinkphp/index.php/Home/article/details?artid=6
INFO: [ app_init ] --START--
INFO: Run Behavior\BuildLiteBehavior [ RunTime:0.000012s ]
INFO: [ app_init ] --END-- [ RunTime:0.000346s ]
INFO: [ app_begin ] --START--
INFO: Run Behavior\ReadHtmlCacheBehavior [ RunTime:0.000492s ]
INFO: [ app_begin ] --END-- [ RunTime:0.000534s ]
SQL: SHOW COLUMNS FROM `think_tags` [ RunTime:0.0016s ]
SQL: SELECT `tagname`,count(tagid) as num FROM think_tags as t left join think_article as a on a.tagid = t.id  GROUP BY t.id  [ RunTime:0.0013s ]
SQL: SHOW COLUMNS FROM `think_article` [ RunTime:0.0006s ]
SQL: SELECT COUNT(*) AS tp_count FROM `think_article` LIMIT 1   [ RunTime:0.0002s ]
SQL: SELECT COUNT(*) AS tp_count FROM `think_article` LIMIT 1   [ RunTime:0.0002s ]
SQL: UPDATE `think_article` SET `hits`=hits+1 WHERE ( id=6 ) [ RunTime:0.0616s ]
SQL: SELECT u.id as uid,`title`,`hits`,`publish`,`username`,`tagname`,`summary`,`content` FROM `think_article` INNER JOIN think_user as u on think_article.uid = u.id INNER JOIN think_tags as t on think_article.tagid = t.id  WHERE think_article.id = 6  [ RunTime:0.0025s ]
SQL: SELECT `id` FROM `think_article` WHERE ( id >6 ) LIMIT 1   [ RunTime:0.0005s ]
SQL: SELECT `id` FROM `think_article` WHERE ( id <6 ) ORDER BY id desc LIMIT 1   [ RunTime:0.0006s ]
NOTIC: [2] Missing argument 1 for Think\Controller::show(), called in E:\Environment\Apache24\htdocs\thinkphp\Application\Home\Controller\ArticleController.class.php on line 81 and defined E:\Environment\Apache24\htdocs\thinkphp\ThinkPHP\Library\Think\Controller.class.php 第 73 行.
NOTIC: [8] Undefined variable: content E:\Environment\Apache24\htdocs\thinkphp\ThinkPHP\Library\Think\Controller.class.php 第 75 行.
INFO: [ view_parse ] --START--
INFO: [ template_filter ] --START--
INFO: Run Behavior\ContentReplaceBehavior [ RunTime:0.000225s ]
INFO: [ template_filter ] --END-- [ RunTime:0.000329s ]
INFO: Run Behavior\ParseTemplateBehavior [ RunTime:0.073020s ]
INFO: [ view_parse ] --END-- [ RunTime:0.073136s ]
INFO: [ view_filter ] --START--
INFO: Run Behavior\WriteHtmlCacheBehavior [ RunTime:0.000763s ]
INFO: Run Behavior\TokenBuildBehavior [ RunTime:0.000902s ]
INFO: [ view_filter ] --END-- [ RunTime:0.001810s ]
INFO: [ app_end ] --START--
INFO: Run Behavior\ShowPageTraceBehavior [ RunTime:0.001569s ]
INFO: [ app_end ] --END-- [ RunTime:0.001703s ]

[ 2016-04-27T15:43:12+08:00 ] 127.0.0.1 /thinkphp/index.php/Home/Article/like
INFO: [ app_init ] --START--
INFO: Run Behavior\BuildLiteBehavior [ RunTime:0.000015s ]
INFO: [ app_init ] --END-- [ RunTime:0.000423s ]
INFO: [ app_begin ] --START--
INFO: Run Behavior\ReadHtmlCacheBehavior [ RunTime:0.000590s ]
INFO: [ app_begin ] --END-- [ RunTime:0.000654s ]
SQL: SHOW COLUMNS FROM `think_tags` [ RunTime:0.0014s ]
SQL: SELECT `tagname`,count(tagid) as num FROM think_tags as t left join think_article as a on a.tagid = t.id  GROUP BY t.id  [ RunTime:0.0010s ]
SQL: SHOW COLUMNS FROM `think_article` [ RunTime:0.0006s ]
SQL: SELECT COUNT(*) AS tp_count FROM `think_article` LIMIT 1   [ RunTime:0.0003s ]
SQL: SHOW COLUMNS FROM `think_like` [ RunTime:0.0241s ]
SQL: SELECT COUNT(*) AS tp_count FROM `think_like` WHERE `uid` = 10 AND `aid` = 6 LIMIT 1   [ RunTime:0.0004s ]
SQL: SELECT `likes` FROM `think_article` WHERE `id` = 6  [ RunTime:0.0002s ]

[ 2016-04-27T15:43:18+08:00 ] 127.0.0.1 /thinkphp/index.php/Home/index/index.html
INFO: [ app_init ] --START--
INFO: Run Behavior\BuildLiteBehavior [ RunTime:0.000013s ]
INFO: [ app_init ] --END-- [ RunTime:0.000326s ]
INFO: [ app_begin ] --START--
INFO: Run Behavior\ReadHtmlCacheBehavior [ RunTime:0.000478s ]
INFO: [ app_begin ] --END-- [ RunTime:0.000522s ]
SQL: SHOW COLUMNS FROM `think_article` [ RunTime:0.0020s ]
SQL: SELECT think_article.id as id,`title`,`summary`,`tagname`,`hits` FROM `think_article` INNER JOIN think_tags on think_article.tagid = think_tags.id  LIMIT 0,9   [ RunTime:0.0016s ]
SQL: SELECT COUNT(*) AS tp_count FROM `think_article` LIMIT 1   [ RunTime:0.0002s ]
SQL: SHOW COLUMNS FROM `think_tags` [ RunTime:0.0005s ]
SQL: SELECT `tagname`,count(tagid) as num FROM think_tags as t left join think_article as a on a.tagid = t.id  GROUP BY t.id  [ RunTime:0.0003s ]
SQL: SELECT COUNT(*) AS tp_count FROM `think_article` LIMIT 1   [ RunTime:0.0002s ]
NOTIC: [2] Missing argument 1 for Think\Controller::show(), called in E:\Environment\Apache24\htdocs\thinkphp\Application\Home\Controller\IndexController.class.php on line 30 and defined E:\Environment\Apache24\htdocs\thinkphp\ThinkPHP\Library\Think\Controller.class.php 第 73 行.
NOTIC: [8] Undefined variable: content E:\Environment\Apache24\htdocs\thinkphp\ThinkPHP\Library\Think\Controller.class.php 第 75 行.
INFO: [ view_parse ] --START--
INFO: [ template_filter ] --START--
INFO: Run Behavior\ContentReplaceBehavior [ RunTime:0.000083s ]
INFO: [ template_filter ] --END-- [ RunTime:0.000127s ]
INFO: Run Behavior\ParseTemplateBehavior [ RunTime:0.009371s ]
INFO: [ view_parse ] --END-- [ RunTime:0.009428s ]
INFO: [ view_filter ] --START--
INFO: Run Behavior\WriteHtmlCacheBehavior [ RunTime:0.000295s ]
INFO: Run Behavior\TokenBuildBehavior [ RunTime:0.000344s ]
INFO: [ view_filter ] --END-- [ RunTime:0.000693s ]
INFO: [ app_end ] --START--
INFO: Run Behavior\ShowPageTraceBehavior [ RunTime:0.001357s ]
INFO: [ app_end ] --END-- [ RunTime:0.001510s ]

[ 2016-04-27T15:45:24+08:00 ] 127.0.0.1 /thinkphp/index.php/Home/article/details?artid=6
INFO: [ app_init ] --START--
INFO: Run Behavior\BuildLiteBehavior [ RunTime:0.000013s ]
INFO: [ app_init ] --END-- [ RunTime:0.000379s ]
INFO: [ app_begin ] --START--
INFO: Run Behavior\ReadHtmlCacheBehavior [ RunTime:0.000444s ]
INFO: [ app_begin ] --END-- [ RunTime:0.000487s ]
SQL: SHOW COLUMNS FROM `think_tags` [ RunTime:0.0017s ]
SQL: SELECT `tagname`,count(tagid) as num FROM think_tags as t left join think_article as a on a.tagid = t.id  GROUP BY t.id  [ RunTime:0.0019s ]
SQL: SHOW COLUMNS FROM `think_article` [ RunTime:0.0007s ]
SQL: SELECT COUNT(*) AS tp_count FROM `think_article` LIMIT 1   [ RunTime:0.0002s ]
SQL: SELECT COUNT(*) AS tp_count FROM `think_article` LIMIT 1   [ RunTime:0.0002s ]
SQL: UPDATE `think_article` SET `hits`=hits+1 WHERE ( id=6 ) [ RunTime:0.0771s ]
SQL: SELECT u.id as uid,`title`,`hits`,`publish`,`username`,`tagname`,`summary`,`content` FROM `think_article` INNER JOIN think_user as u on think_article.uid = u.id INNER JOIN think_tags as t on think_article.tagid = t.id  WHERE think_article.id = 6  [ RunTime:0.0034s ]
SQL: SELECT `id` FROM `think_article` WHERE ( id >6 ) LIMIT 1   [ RunTime:0.0007s ]
SQL: SELECT `id` FROM `think_article` WHERE ( id <6 ) ORDER BY id desc LIMIT 1   [ RunTime:0.0007s ]
NOTIC: [2] Missing argument 1 for Think\Controller::show(), called in E:\Environment\Apache24\htdocs\thinkphp\Application\Home\Controller\ArticleController.class.php on line 81 and defined E:\Environment\Apache24\htdocs\thinkphp\ThinkPHP\Library\Think\Controller.class.php 第 73 行.
NOTIC: [8] Undefined variable: content E:\Environment\Apache24\htdocs\thinkphp\ThinkPHP\Library\Think\Controller.class.php 第 75 行.
INFO: [ view_parse ] --START--
INFO: [ template_filter ] --START--
INFO: Run Behavior\ContentReplaceBehavior [ RunTime:0.000295s ]
INFO: [ template_filter ] --END-- [ RunTime:0.000421s ]
INFO: Run Behavior\ParseTemplateBehavior [ RunTime:0.098186s ]
INFO: [ view_parse ] --END-- [ RunTime:0.098418s ]
INFO: [ view_filter ] --START--
INFO: Run Behavior\WriteHtmlCacheBehavior [ RunTime:0.000976s ]
INFO: Run Behavior\TokenBuildBehavior [ RunTime:0.001126s ]
INFO: [ view_filter ] --END-- [ RunTime:0.002280s ]
INFO: [ app_end ] --START--
INFO: Run Behavior\ShowPageTraceBehavior [ RunTime:0.002689s ]
INFO: [ app_end ] --END-- [ RunTime:0.002918s ]

[ 2016-04-27T15:45:24+08:00 ] 127.0.0.1 /thinkphp/index.php/Home/Article/like
INFO: [ app_init ] --START--
INFO: Run Behavior\BuildLiteBehavior [ RunTime:0.000050s ]
INFO: [ app_init ] --END-- [ RunTime:0.000826s ]
INFO: [ app_begin ] --START--
INFO: Run Behavior\ReadHtmlCacheBehavior [ RunTime:0.000667s ]
INFO: [ app_begin ] --END-- [ RunTime:0.000774s ]
SQL: SHOW COLUMNS FROM `think_tags` [ RunTime:0.0008s ]
SQL: SELECT `tagname`,count(tagid) as num FROM think_tags as t left join think_article as a on a.tagid = t.id  GROUP BY t.id  [ RunTime:0.0016s ]
SQL: SHOW COLUMNS FROM `think_article` [ RunTime:0.0009s ]
SQL: SELECT COUNT(*) AS tp_count FROM `think_article` LIMIT 1   [ RunTime:0.0002s ]
SQL: SHOW COLUMNS FROM `think_like` [ RunTime:0.0013s ]
SQL: SELECT COUNT(*) AS tp_count FROM `think_like` WHERE `uid` = 10 AND `aid` = 6 LIMIT 1   [ RunTime:0.0003s ]
SQL: SELECT `likes` FROM `think_article` WHERE `id` = 6  [ RunTime:0.0002s ]

[ 2016-04-27T15:45:40+08:00 ] 127.0.0.1 /thinkphp/index.php/Home/Article/like
INFO: [ app_init ] --START--
INFO: Run Behavior\BuildLiteBehavior [ RunTime:0.000011s ]
INFO: [ app_init ] --END-- [ RunTime:0.000281s ]
INFO: [ app_begin ] --START--
INFO: Run Behavior\ReadHtmlCacheBehavior [ RunTime:0.000354s ]
INFO: [ app_begin ] --END-- [ RunTime:0.000394s ]
SQL: SHOW COLUMNS FROM `think_tags` [ RunTime:0.0013s ]
SQL: SELECT `tagname`,count(tagid) as num FROM think_tags as t left join think_article as a on a.tagid = t.id  GROUP BY t.id  [ RunTime:0.0011s ]
SQL: SHOW COLUMNS FROM `think_article` [ RunTime:0.0006s ]
SQL: SELECT COUNT(*) AS tp_count FROM `think_article` LIMIT 1   [ RunTime:0.0002s ]
SQL: SHOW COLUMNS FROM `think_like` [ RunTime:0.0014s ]
SQL: SELECT COUNT(*) AS tp_count FROM `think_like` WHERE `uid` = 10 AND `aid` = 6 LIMIT 1   [ RunTime:0.0003s ]
SQL: DELETE FROM `think_like` WHERE `uid` = 10 AND `aid` = 6 [ RunTime:0.0833s ]
SQL: UPDATE `think_article` SET `likes`=likes-1 WHERE `id` = 6 [ RunTime:0.0883s ]
INFO: [ app_end ] --START--
INFO: Run Behavior\ShowPageTraceBehavior [ RunTime:0.001689s ]
INFO: [ app_end ] --END-- [ RunTime:0.001805s ]

[ 2016-04-27T15:45:45+08:00 ] 127.0.0.1 /thinkphp/index.php/Home/article/category
INFO: [ app_init ] --START--
INFO: Run Behavior\BuildLiteBehavior [ RunTime:0.000011s ]
INFO: [ app_init ] --END-- [ RunTime:0.000283s ]
INFO: [ app_begin ] --START--
INFO: Run Behavior\ReadHtmlCacheBehavior [ RunTime:0.000364s ]
INFO: [ app_begin ] --END-- [ RunTime:0.000405s ]
SQL: SHOW COLUMNS FROM `think_tags` [ RunTime:0.0007s ]
SQL: SELECT `tagname`,count(tagid) as num FROM think_tags as t left join think_article as a on a.tagid = t.id  GROUP BY t.id  [ RunTime:0.0004s ]
SQL: SHOW COLUMNS FROM `think_article` [ RunTime:0.0007s ]
SQL: SELECT COUNT(*) AS tp_count FROM `think_article` LIMIT 1   [ RunTime:0.0003s ]
SQL: SELECT think_article.id,`username`,`title`,`hits`,`tagname`,`publish`,think_article.likes FROM `think_article` INNER JOIN think_tags as t on t.id = think_article.tagid INNER JOIN think_user as u on u.id = think_article.uid  LIMIT 0,6   [ RunTime:0.0019s ]
SQL: SELECT COUNT(*) AS tp_count FROM `think_article` LIMIT 1   [ RunTime:0.0002s ]
NOTIC: [2] Missing argument 1 for Think\Controller::show(), called in E:\Environment\Apache24\htdocs\thinkphp\Application\Home\Controller\ArticleController.class.php on line 63 and defined E:\Environment\Apache24\htdocs\thinkphp\ThinkPHP\Library\Think\Controller.class.php 第 73 行.
NOTIC: [8] Undefined variable: content E:\Environment\Apache24\htdocs\thinkphp\ThinkPHP\Library\Think\Controller.class.php 第 75 行.
INFO: [ view_parse ] --START--
INFO: [ template_filter ] --START--
INFO: Run Behavior\ContentReplaceBehavior [ RunTime:0.000113s ]
INFO: [ template_filter ] --END-- [ RunTime:0.000158s ]
NOTIC: [8] Undefined variable: category E:\Environment\Apache24\htdocs\thinkphp\Application\Runtime\Cache\Home\1eed4d3931178952bdedc16b19396bb6.php 第 66 行.
INFO: Run Behavior\ParseTemplateBehavior [ RunTime:0.039152s ]
INFO: [ view_parse ] --END-- [ RunTime:0.039207s ]
INFO: [ view_filter ] --START--
INFO: Run Behavior\WriteHtmlCacheBehavior [ RunTime:0.000325s ]
INFO: Run Behavior\TokenBuildBehavior [ RunTime:0.000393s ]
INFO: [ view_filter ] --END-- [ RunTime:0.000778s ]
INFO: [ app_end ] --START--
INFO: Run Behavior\ShowPageTraceBehavior [ RunTime:0.001102s ]
INFO: [ app_end ] --END-- [ RunTime:0.001191s ]

[ 2016-04-27T15:45:45+08:00 ] 127.0.0.1 /thinkphp/index.php/Home/Article/like
INFO: [ app_init ] --START--
INFO: Run Behavior\BuildLiteBehavior [ RunTime:0.000022s ]
INFO: [ app_init ] --END-- [ RunTime:0.000523s ]
INFO: [ app_begin ] --START--
INFO: Run Behavior\ReadHtmlCacheBehavior [ RunTime:0.000650s ]
INFO: [ app_begin ] --END-- [ RunTime:0.000730s ]
SQL: SHOW COLUMNS FROM `think_tags` [ RunTime:0.0008s ]
SQL: SELECT `tagname`,count(tagid) as num FROM think_tags as t left join think_article as a on a.tagid = t.id  GROUP BY t.id  [ RunTime:0.0005s ]
SQL: SHOW COLUMNS FROM `think_article` [ RunTime:0.0009s ]
SQL: SELECT COUNT(*) AS tp_count FROM `think_article` LIMIT 1   [ RunTime:0.0003s ]
SQL: SHOW COLUMNS FROM `think_like` [ RunTime:0.0019s ]
SQL: SELECT COUNT(*) AS tp_count FROM `think_like` WHERE `uid` = 10 AND `aid` = 1 LIMIT 1   [ RunTime:0.0018s ]
SQL: SELECT `likes` FROM `think_article` WHERE `id` = 1  [ RunTime:0.0004s ]

[ 2016-04-27T15:45:45+08:00 ] 127.0.0.1 /thinkphp/index.php/Home/Article/like
INFO: [ app_init ] --START--
INFO: Run Behavior\BuildLiteBehavior [ RunTime:0.000020s ]
INFO: [ app_init ] --END-- [ RunTime:0.000531s ]
INFO: [ app_begin ] --START--
INFO: Run Behavior\ReadHtmlCacheBehavior [ RunTime:0.000924s ]
INFO: [ app_begin ] --END-- [ RunTime:0.001000s ]
SQL: SHOW COLUMNS FROM `think_tags` [ RunTime:0.0007s ]
SQL: SELECT `tagname`,count(tagid) as num FROM think_tags as t left join think_article as a on a.tagid = t.id  GROUP BY t.id  [ RunTime:0.0004s ]
SQL: SHOW COLUMNS FROM `think_article` [ RunTime:0.0010s ]
SQL: SELECT COUNT(*) AS tp_count FROM `think_article` LIMIT 1   [ RunTime:0.0003s ]
SQL: SHOW COLUMNS FROM `think_like` [ RunTime:0.0009s ]
SQL: SELECT COUNT(*) AS tp_count FROM `think_like` WHERE `uid` = 10 AND `aid` = 6 LIMIT 1   [ RunTime:0.0005s ]
SQL: SELECT `likes` FROM `think_article` WHERE `id` = 6  [ RunTime:0.0006s ]

[ 2016-04-27T15:45:45+08:00 ] 127.0.0.1 /thinkphp/index.php/Home/Article/like
INFO: [ app_init ] --START--
INFO: Run Behavior\BuildLiteBehavior [ RunTime:0.000022s ]
INFO: [ app_init ] --END-- [ RunTime:0.000936s ]
INFO: [ app_begin ] --START--
INFO: Run Behavior\ReadHtmlCacheBehavior [ RunTime:0.000790s ]
INFO: [ app_begin ] --END-- [ RunTime:0.000872s ]
SQL: SHOW COLUMNS FROM `think_tags` [ RunTime:0.0007s ]
SQL: SELECT `tagname`,count(tagid) as num FROM think_tags as t left join think_article as a on a.tagid = t.id  GROUP BY t.id  [ RunTime:0.0003s ]
SQL: SHOW COLUMNS FROM `think_article` [ RunTime:0.0005s ]
SQL: SELECT COUNT(*) AS tp_count FROM `think_article` LIMIT 1   [ RunTime:0.0002s ]
SQL: SHOW COLUMNS FROM `think_like` [ RunTime:0.0028s ]
SQL: SELECT COUNT(*) AS tp_count FROM `think_like` WHERE `uid` = 10 AND `aid` = 3 LIMIT 1   [ RunTime:0.0005s ]
SQL: SELECT `likes` FROM `think_article` WHERE `id` = 3  [ RunTime:0.0006s ]

[ 2016-04-27T15:45:45+08:00 ] 127.0.0.1 /thinkphp/index.php/Home/Article/like
INFO: [ app_init ] --START--
INFO: Run Behavior\BuildLiteBehavior [ RunTime:0.000021s ]
INFO: [ app_init ] --END-- [ RunTime:0.000543s ]
INFO: [ app_begin ] --START--
INFO: Run Behavior\ReadHtmlCacheBehavior [ RunTime:0.000844s ]
INFO: [ app_begin ] --END-- [ RunTime:0.000988s ]
SQL: SHOW COLUMNS FROM `think_tags` [ RunTime:0.0013s ]
SQL: SELECT `tagname`,count(tagid) as num FROM think_tags as t left join think_article as a on a.tagid = t.id  GROUP BY t.id  [ RunTime:0.0010s ]
SQL: SHOW COLUMNS FROM `think_article` [ RunTime:0.0006s ]
SQL: SELECT COUNT(*) AS tp_count FROM `think_article` LIMIT 1   [ RunTime:0.0002s ]
SQL: SHOW COLUMNS FROM `think_like` [ RunTime:0.0014s ]
SQL: SELECT COUNT(*) AS tp_count FROM `think_like` WHERE `uid` = 10 AND `aid` = 8 LIMIT 1   [ RunTime:0.0002s ]
SQL: SELECT `likes` FROM `think_article` WHERE `id` = 8  [ RunTime:0.0002s ]

[ 2016-04-27T15:45:45+08:00 ] 127.0.0.1 /thinkphp/index.php/Home/Article/like
INFO: [ app_init ] --START--
INFO: Run Behavior\BuildLiteBehavior [ RunTime:0.000019s ]
INFO: [ app_init ] --END-- [ RunTime:0.000517s ]
INFO: [ app_begin ] --START--
INFO: Run Behavior\ReadHtmlCacheBehavior [ RunTime:0.000710s ]
INFO: [ app_begin ] --END-- [ RunTime:0.000784s ]
SQL: SHOW COLUMNS FROM `think_tags` [ RunTime:0.0005s ]
SQL: SELECT `tagname`,count(tagid) as num FROM think_tags as t left join think_article as a on a.tagid = t.id  GROUP BY t.id  [ RunTime:0.0003s ]
SQL: SHOW COLUMNS FROM `think_article` [ RunTime:0.0005s ]
SQL: SELECT COUNT(*) AS tp_count FROM `think_article` LIMIT 1   [ RunTime:0.0002s ]
SQL: SHOW COLUMNS FROM `think_like` [ RunTime:0.0007s ]
SQL: SELECT COUNT(*) AS tp_count FROM `think_like` WHERE `uid` = 10 AND `aid` = 4 LIMIT 1   [ RunTime:0.0003s ]
SQL: SELECT `likes` FROM `think_article` WHERE `id` = 4  [ RunTime:0.0002s ]

[ 2016-04-27T15:45:45+08:00 ] 127.0.0.1 /thinkphp/index.php/Home/Article/like
INFO: [ app_init ] --START--
INFO: Run Behavior\BuildLiteBehavior [ RunTime:0.000022s ]
INFO: [ app_init ] --END-- [ RunTime:0.000643s ]
INFO: [ app_begin ] --START--
INFO: Run Behavior\ReadHtmlCacheBehavior [ RunTime:0.001275s ]
INFO: [ app_begin ] --END-- [ RunTime:0.001430s ]
SQL: SHOW COLUMNS FROM `think_tags` [ RunTime:0.0012s ]
SQL: SELECT `tagname`,count(tagid) as num FROM think_tags as t left join think_article as a on a.tagid = t.id  GROUP BY t.id  [ RunTime:0.0010s ]
SQL: SHOW COLUMNS FROM `think_article` [ RunTime:0.0005s ]
SQL: SELECT COUNT(*) AS tp_count FROM `think_article` LIMIT 1   [ RunTime:0.0002s ]
SQL: SHOW COLUMNS FROM `think_like` [ RunTime:0.0014s ]
SQL: SELECT COUNT(*) AS tp_count FROM `think_like` WHERE `uid` = 10 AND `aid` = 5 LIMIT 1   [ RunTime:0.0003s ]
SQL: SELECT `likes` FROM `think_article` WHERE `id` = 5  [ RunTime:0.0002s ]

