[ 2016-04-07T15:31:12+08:00 ] 127.0.0.1 /thinkphp/user/logout
INFO: [ app_init ] --START--
INFO: Run Behavior\BuildLiteBehavior [ RunTime:0.000011s ]
INFO: [ app_init ] --END-- [ RunTime:0.000307s ]
ERR: 无法加载模块:User

[ 2016-04-07T15:31:35+08:00 ] 127.0.0.1 /thinkphp/user/logout
INFO: [ app_init ] --START--
INFO: Run Behavior\BuildLiteBehavior [ RunTime:0.000014s ]
INFO: [ app_init ] --END-- [ RunTime:0.000445s ]
ERR: 无法加载模块:User

[ 2016-04-07T15:31:37+08:00 ] 127.0.0.1 /thinkphp/user/logout
INFO: [ app_init ] --START--
INFO: Run Behavior\BuildLiteBehavior [ RunTime:0.000011s ]
INFO: [ app_init ] --END-- [ RunTime:0.000273s ]
ERR: 无法加载模块:User

[ 2016-04-07T15:34:16+08:00 ] 127.0.0.1 /thinkphp/index.php/user/login.html
INFO: [ app_init ] --START--
INFO: Run Behavior\BuildLiteBehavior [ RunTime:0.000014s ]
INFO: [ app_init ] --END-- [ RunTime:0.000370s ]
ERR: 无法加载模块:User

[ 2016-04-07T15:34:33+08:00 ] 127.0.0.1 /thinkphp/index.php/user/login.html
INFO: [ app_init ] --START--
INFO: Run Behavior\BuildLiteBehavior [ RunTime:0.000013s ]
INFO: [ app_init ] --END-- [ RunTime:0.000377s ]
ERR: 无法加载模块:User

[ 2016-04-07T16:22:40+08:00 ] 127.0.0.1 /thinkphp/index.php/A
INFO: [ app_init ] --START--
INFO: Run Behavior\BuildLiteBehavior [ RunTime:0.000012s ]
INFO: [ app_init ] --END-- [ RunTime:0.000314s ]
ERR: 无法加载模块:A

[ 2016-04-07T17:54:50+08:00 ] 127.0.0.1 /thinkphp/thinkphp/admin/user/logout
INFO: [ app_init ] --START--
INFO: Run Behavior\BuildLiteBehavior [ RunTime:0.000015s ]
INFO: [ app_init ] --END-- [ RunTime:0.000341s ]
ERR: 无法加载模块:ThinkPHP

