[ 2016-04-03T09:33:21+08:00 ] 127.0.0.1 /thinkphp/user/register
INFO: [ app_init ] --START--
INFO: Run Behavior\BuildLiteBehavior [ RunTime:0.000013s ]
INFO: [ app_init ] --END-- [ RunTime:0.000411s ]
ERR: 无法加载模块:User

[ 2016-04-03T10:00:36+08:00 ] 127.0.0.1 /thinkphp/Public/images/bgbody.jg
INFO: [ app_init ] --START--
INFO: Run Behavior\BuildLiteBehavior [ RunTime:0.000025s ]
INFO: [ app_init ] --END-- [ RunTime:0.000626s ]
ERR: 无法加载模块:Public

[ 2016-04-03T10:05:26+08:00 ] 127.0.0.1 /thinkphp/index.html
INFO: [ app_init ] --START--
INFO: Run Behavior\BuildLiteBehavior [ RunTime:0.000015s ]
INFO: [ app_init ] --END-- [ RunTime:0.000386s ]
ERR: 无法加载模块:Index

[ 2016-04-03T11:08:52+08:00 ] 127.0.0.1 /thinkphp/Public/images/log1.pn
INFO: [ app_init ] --START--
INFO: Run Behavior\BuildLiteBehavior [ RunTime:0.000012s ]
INFO: [ app_init ] --END-- [ RunTime:0.000388s ]
ERR: 无法加载模块:Public

[ 2016-04-03T11:30:50+08:00 ] 127.0.0.1 /thinkphp/Public/images/pwd.pdg
INFO: [ app_init ] --START--
INFO: Run Behavior\BuildLiteBehavior [ RunTime:0.000020s ]
INFO: [ app_init ] --END-- [ RunTime:0.000387s ]
ERR: 无法加载模块:Public

[ 2016-04-03T11:30:50+08:00 ] 127.0.0.1 /thinkphp/Public/images/user.pg
INFO: [ app_init ] --START--
INFO: Run Behavior\BuildLiteBehavior [ RunTime:0.000015s ]
INFO: [ app_init ] --END-- [ RunTime:0.000530s ]
ERR: 无法加载模块:Public

[ 2016-04-03T12:04:45+08:00 ] 127.0.0.1 /thinkphp/Public/images/regbg1.png
INFO: [ app_init ] --START--
INFO: Run Behavior\BuildLiteBehavior [ RunTime:0.000018s ]
INFO: [ app_init ] --END-- [ RunTime:0.000690s ]
ERR: 无法加载模块:Public

[ 2016-04-03T17:22:48+08:00 ] 127.0.0.1 /thinkphp/test/bgbody.jpg
INFO: [ app_init ] --START--
INFO: Run Behavior\BuildLiteBehavior [ RunTime:0.000019s ]
INFO: [ app_init ] --END-- [ RunTime:0.000487s ]
ERR: 无法加载模块:Test

[ 2016-04-03T17:22:52+08:00 ] 127.0.0.1 /thinkphp/test/bgbody.jpg
INFO: [ app_init ] --START--
INFO: Run Behavior\BuildLiteBehavior [ RunTime:0.000014s ]
INFO: [ app_init ] --END-- [ RunTime:0.000325s ]
ERR: 无法加载模块:Test

[ 2016-04-03T17:23:30+08:00 ] 127.0.0.1 /thinkphp/test/bgbody.jpg
INFO: [ app_init ] --START--
INFO: Run Behavior\BuildLiteBehavior [ RunTime:0.000014s ]
INFO: [ app_init ] --END-- [ RunTime:0.000347s ]
ERR: 无法加载模块:Test

[ 2016-04-03T17:23:30+08:00 ] 127.0.0.1 /thinkphp/test/bgbody.jpg
INFO: [ app_init ] --START--
INFO: Run Behavior\BuildLiteBehavior [ RunTime:0.000018s ]
INFO: [ app_init ] --END-- [ RunTime:0.000479s ]
ERR: 无法加载模块:Test

[ 2016-04-03T17:23:32+08:00 ] 127.0.0.1 /thinkphp/test/bgbody.jpg
INFO: [ app_init ] --START--
INFO: Run Behavior\BuildLiteBehavior [ RunTime:0.000022s ]
INFO: [ app_init ] --END-- [ RunTime:0.000463s ]
ERR: 无法加载模块:Test

[ 2016-04-03T17:23:46+08:00 ] 127.0.0.1 /thinkphp/test/bgbody.jpg
INFO: [ app_init ] --START--
INFO: Run Behavior\BuildLiteBehavior [ RunTime:0.000022s ]
INFO: [ app_init ] --END-- [ RunTime:0.000518s ]
ERR: 无法加载模块:Test

[ 2016-04-03T17:24:43+08:00 ] 127.0.0.1 /thinkphp/bgbody.jpg
INFO: [ app_init ] --START--
INFO: Run Behavior\BuildLiteBehavior [ RunTime:0.000014s ]
INFO: [ app_init ] --END-- [ RunTime:0.000342s ]
ERR: 无法加载模块:Bgbody

[ 2016-04-03T17:24:53+08:00 ] 127.0.0.1 /thinkphp/bgbody.jpg
INFO: [ app_init ] --START--
INFO: Run Behavior\BuildLiteBehavior [ RunTime:0.000020s ]
INFO: [ app_init ] --END-- [ RunTime:0.000503s ]
ERR: 无法加载模块:Bgbody

[ 2016-04-03T17:24:54+08:00 ] 127.0.0.1 /thinkphp/bgbody.jpg
INFO: [ app_init ] --START--
INFO: Run Behavior\BuildLiteBehavior [ RunTime:0.000016s ]
INFO: [ app_init ] --END-- [ RunTime:0.000465s ]
ERR: 无法加载模块:Bgbody

[ 2016-04-03T17:25:09+08:00 ] 127.0.0.1 /thinkphp/bgbody.jpg
INFO: [ app_init ] --START--
INFO: Run Behavior\BuildLiteBehavior [ RunTime:0.000022s ]
INFO: [ app_init ] --END-- [ RunTime:0.000520s ]
ERR: 无法加载模块:Bgbody

[ 2016-04-03T17:25:09+08:00 ] 127.0.0.1 /thinkphp/bgbody.jpg
INFO: [ app_init ] --START--
INFO: Run Behavior\BuildLiteBehavior [ RunTime:0.000020s ]
INFO: [ app_init ] --END-- [ RunTime:0.000513s ]
ERR: 无法加载模块:Bgbody

[ 2016-04-03T17:25:10+08:00 ] 127.0.0.1 /thinkphp/bgbody.jpg
INFO: [ app_init ] --START--
INFO: Run Behavior\BuildLiteBehavior [ RunTime:0.000016s ]
INFO: [ app_init ] --END-- [ RunTime:0.000384s ]
ERR: 无法加载模块:Bgbody

[ 2016-04-03T17:25:11+08:00 ] 127.0.0.1 /thinkphp/bgbody.jpg
INFO: [ app_init ] --START--
INFO: Run Behavior\BuildLiteBehavior [ RunTime:0.000016s ]
INFO: [ app_init ] --END-- [ RunTime:0.000372s ]
ERR: 无法加载模块:Bgbody

[ 2016-04-03T17:25:50+08:00 ] 127.0.0.1 /thinkphp/bgbody.jpg
INFO: [ app_init ] --START--
INFO: Run Behavior\BuildLiteBehavior [ RunTime:0.000024s ]
INFO: [ app_init ] --END-- [ RunTime:0.000427s ]
ERR: 无法加载模块:Bgbody

[ 2016-04-03T17:26:22+08:00 ] 127.0.0.1 /thinkphp/bgbody.jpg
INFO: [ app_init ] --START--
INFO: Run Behavior\BuildLiteBehavior [ RunTime:0.000023s ]
INFO: [ app_init ] --END-- [ RunTime:0.000512s ]
ERR: 无法加载模块:Bgbody

[ 2016-04-03T17:28:09+08:00 ] 127.0.0.1 /thinkphp/bgbody.jpg
INFO: [ app_init ] --START--
INFO: Run Behavior\BuildLiteBehavior [ RunTime:0.000014s ]
INFO: [ app_init ] --END-- [ RunTime:0.000374s ]
ERR: 无法加载模块:Bgbody

[ 2016-04-03T17:28:10+08:00 ] 127.0.0.1 /thinkphp/bgbody.jpg
INFO: [ app_init ] --START--
INFO: Run Behavior\BuildLiteBehavior [ RunTime:0.000018s ]
INFO: [ app_init ] --END-- [ RunTime:0.000340s ]
ERR: 无法加载模块:Bgbody

[ 2016-04-03T17:28:46+08:00 ] 127.0.0.1 /thinkphp/bgbody.jpg
INFO: [ app_init ] --START--
INFO: Run Behavior\BuildLiteBehavior [ RunTime:0.000020s ]
INFO: [ app_init ] --END-- [ RunTime:0.000514s ]
ERR: 无法加载模块:Bgbody

